{"C:\\Users\\Nesh\\Desktop\\Coding Projects\\Devsession\\devsession\\dashboard\\src\\utils\\format.ts": {"path":"C:\\Users\\Nesh\\Desktop\\Coding Projects\\Devsession\\devsession\\dashboard\\src\\utils\\format.ts","statementMap":{"0":{"start":{"line":2,"column":2},"end":{"line":2,"column":null}},"1":{"start":{"line":2,"column":49},"end":{"line":2,"column":null}},"2":{"start":{"line":3,"column":2},"end":{"line":3,"column":null}},"3":{"start":{"line":3,"column":21},"end":{"line":3,"column":null}},"4":{"start":{"line":4,"column":2},"end":{"line":4,"column":null}},"5":{"start":{"line":4,"column":20},"end":{"line":4,"column":null}},"6":{"start":{"line":5,"column":2},"end":{"line":9,"column":null}},"7":{"start":{"line":6,"column":14},"end":{"line":6,"column":null}},"8":{"start":{"line":7,"column":14},"end":{"line":7,"column":null}},"9":{"start":{"line":8,"column":4},"end":{"line":8,"column":null}},"10":{"start":{"line":10,"column":12},"end":{"line":10,"column":null}},"11":{"start":{"line":11,"column":20},"end":{"line":11,"column":null}},"12":{"start":{"line":12,"column":2},"end":{"line":12,"column":null}},"13":{"start":{"line":12,"column":23},"end":{"line":12,"column":null}},"14":{"start":{"line":13,"column":12},"end":{"line":13,"column":null}},"15":{"start":{"line":14,"column":2},"end":{"line":14,"column":null}},"16":{"start":{"line":18,"column":2},"end":{"line":18,"column":null}},"17":{"start":{"line":18,"column":79},"end":{"line":18,"column":null}},"18":{"start":{"line":19,"column":2},"end":{"line":19,"column":null}},"19":{"start":{"line":19,"column":19},"end":{"line":19,"column":null}},"20":{"start":{"line":20,"column":2},"end":{"line":20,"column":null}},"21":{"start":{"line":24,"column":2},"end":{"line":24,"column":null}},"22":{"start":{"line":24,"column":15},"end":{"line":24,"column":null}},"23":{"start":{"line":25,"column":2},"end":{"line":25,"column":null}},"24":{"start":{"line":25,"column":27},"end":{"line":25,"column":null}},"25":{"start":{"line":26,"column":2},"end":{"line":26,"column":null}},"26":{"start":{"line":26,"column":23},"end":{"line":26,"column":null}},"27":{"start":{"line":27,"column":2},"end":{"line":27,"column":null}},"28":{"start":{"line":31,"column":2},"end":{"line":37,"column":null}},"29":{"start":{"line":41,"column":12},"end":{"line":41,"column":null}},"30":{"start":{"line":42,"column":2},"end":{"line":42,"column":null}}},"fnMap":{"0":{"name":"formatDuration","decl":{"start":{"line":1,"column":16},"end":{"line":1,"column":31}},"loc":{"start":{"line":1,"column":75},"end":{"line":15,"column":null}},"line":1},"1":{"name":"formatCost","decl":{"start":{"line":17,"column":16},"end":{"line":17,"column":27}},"loc":{"start":{"line":17,"column":68},"end":{"line":21,"column":null}},"line":17},"2":{"name":"formatTokens","decl":{"start":{"line":23,"column":16},"end":{"line":23,"column":29}},"loc":{"start":{"line":23,"column":72},"end":{"line":28,"column":null}},"line":23},"3":{"name":"formatDate","decl":{"start":{"line":30,"column":16},"end":{"line":30,"column":27}},"loc":{"start":{"line":30,"column":52},"end":{"line":38,"column":null}},"line":30},"4":{"name":"formatDay","decl":{"start":{"line":40,"column":16},"end":{"line":40,"column":26}},"loc":{"start":{"line":40,"column":51},"end":{"line":43,"column":null}},"line":40}},"branchMap":{"0":{"loc":{"start":{"line":2,"column":2},"end":{"line":2,"column":null}},"type":"if","locations":[{"start":{"line":2,"column":2},"end":{"line":2,"column":null}},{"start":{},"end":{}}],"line":2},"1":{"loc":{"start":{"line":2,"column":6},"end":{"line":2,"column":49}},"type":"binary-expr","locations":[{"start":{"line":2,"column":6},"end":{"line":2,"column":26}},{"start":{"line":2,"column":26},"end":{"line":2,"column":49}}],"line":2},"2":{"loc":{"start":{"line":3,"column":2},"end":{"line":3,"column":null}},"type":"if","locations":[{"start":{"line":3,"column":2},"end":{"line":3,"column":null}},{"start":{},"end":{}}],"line":3},"3":{"loc":{"start":{"line":4,"column":2},"end":{"line":4,"column":null}},"type":"if","locations":[{"start":{"line":4,"column":2},"end":{"line":4,"column":null}},{"start":{},"end":{}}],"line":4},"4":{"loc":{"start":{"line":5,"column":2},"end":{"line":9,"column":null}},"type":"if","locations":[{"start":{"line":5,"column":2},"end":{"line":9,"column":null}},{"start":{},"end":{}}],"line":5},"5":{"loc":{"start":{"line":8,"column":11},"end":{"line":8,"column":null}},"type":"cond-expr","locations":[{"start":{"line":8,"column":19},"end":{"line":8,"column":35}},{"start":{"line":8,"column":35},"end":{"line":8,"column":null}}],"line":8},"6":{"loc":{"start":{"line":12,"column":2},"end":{"line":12,"column":null}},"type":"if","locations":[{"start":{"line":12,"column":2},"end":{"line":12,"column":null}},{"start":{},"end":{}}],"line":12},"7":{"loc":{"start":{"line":18,"column":2},"end":{"line":18,"column":null}},"type":"if","locations":[{"start":{"line":18,"column":2},"end":{"line":18,"column":null}},{"start":{},"end":{}}],"line":18},"8":{"loc":{"start":{"line":18,"column":6},"end":{"line":18,"column":79}},"type":"binary-expr","locations":[{"start":{"line":18,"column":6},"end":{"line":18,"column":23}},{"start":{"line":18,"column":23},"end":{"line":18,"column":45}},{"start":{"line":18,"column":45},"end":{"line":18,"column":59}},{"start":{"line":18,"column":59},"end":{"line":18,"column":79}}],"line":18},"9":{"loc":{"start":{"line":19,"column":2},"end":{"line":19,"column":null}},"type":"if","locations":[{"start":{"line":19,"column":2},"end":{"line":19,"column":null}},{"start":{},"end":{}}],"line":19},"10":{"loc":{"start":{"line":24,"column":2},"end":{"line":24,"column":null}},"type":"if","locations":[{"start":{"line":24,"column":2},"end":{"line":24,"column":null}},{"start":{},"end":{}}],"line":24},"11":{"loc":{"start":{"line":25,"column":2},"end":{"line":25,"column":null}},"type":"if","locations":[{"start":{"line":25,"column":2},"end":{"line":25,"column":null}},{"start":{},"end":{}}],"line":25},"12":{"loc":{"start":{"line":26,"column":2},"end":{"line":26,"column":null}},"type":"if","locations":[{"start":{"line":26,"column":2},"end":{"line":26,"column":null}},{"start":{},"end":{}}],"line":26},"13":{"loc":{"start":{"line":41,"column":12},"end":{"line":41,"column":null}},"type":"cond-expr","locations":[{"start":{"line":41,"column":36},"end":{"line":41,"column":56}},{"start":{"line":41,"column":56},"end":{"line":41,"column":null}}],"line":41}},"s":{"0":19,"1":2,"2":17,"3":1,"4":16,"5":3,"6":13,"7":5,"8":5,"9":5,"10":8,"11":8,"12":8,"13":3,"14":5,"15":5,"16":15,"17":4,"18":11,"19":11,"20":8,"21":12,"22":3,"23":9,"24":9,"25":6,"26":6,"27":3,"28":3,"29":3,"30":3},"f":{"0":19,"1":15,"2":12,"3":3,"4":3},"b":{"0":[2,17],"1":[19,18],"2":[1,16],"3":[3,13],"4":[5,8],"5":[4,1],"6":[3,5],"7":[4,11],"8":[15,14,13,12],"9":[3,8],"10":[3,9],"11":[3,6],"12":[3,3],"13":[1,2]},"meta":{"lastBranch":14,"lastFunction":5,"lastStatement":31,"seen":{"f:1:16:1:31":0,"b:2:2:2:Infinity:undefined:undefined:undefined:undefined":0,"s:2:2:2:Infinity":0,"b:2:6:2:26:2:26:2:49":1,"s:2:49:2:Infinity":1,"b:3:2:3:Infinity:undefined:undefined:undefined:undefined":2,"s:3:2:3:Infinity":2,"s:3:21:3:Infinity":3,"b:4:2:4:Infinity:undefined:undefined:undefined:undefined":3,"s:4:2:4:Infinity":4,"s:4:20:4:Infinity":5,"b:5:2:9:Infinity:undefined:undefined:undefined:undefined":4,"s:5:2:9:Infinity":6,"s:6:14:6:Infinity":7,"s:7:14:7:Infinity":8,"s:8:4:8:Infinity":9,"b:8:19:8:35:8:35:8:Infinity":5,"s:10:12:10:Infinity":10,"s:11:20:11:Infinity":11,"b:12:2:12:Infinity:undefined:undefined:undefined:undefined":6,"s:12:2:12:Infinity":12,"s:12:23:12:Infinity":13,"s:13:12:13:Infinity":14,"s:14:2:14:Infinity":15,"f:17:16:17:27":1,"b:18:2:18:Infinity:undefined:undefined:undefined:undefined":7,"s:18:2:18:Infinity":16,"b:18:6:18:23:18:23:18:45:18:45:18:59:18:59:18:79":8,"s:18:79:18:Infinity":17,"b:19:2:19:Infinity:undefined:undefined:undefined:undefined":9,"s:19:2:19:Infinity":18,"s:19:19:19:Infinity":19,"s:20:2:20:Infinity":20,"f:23:16:23:29":2,"b:24:2:24:Infinity:undefined:undefined:undefined:undefined":10,"s:24:2:24:Infinity":21,"s:24:15:24:Infinity":22,"b:25:2:25:Infinity:undefined:undefined:undefined:undefined":11,"s:25:2:25:Infinity":23,"s:25:27:25:Infinity":24,"b:26:2:26:Infinity:undefined:undefined:undefined:undefined":12,"s:26:2:26:Infinity":25,"s:26:23:26:Infinity":26,"s:27:2:27:Infinity":27,"f:30:16:30:27":3,"s:31:2:37:Infinity":28,"f:40:16:40:26":4,"s:41:12:41:Infinity":29,"b:41:36:41:56:41:56:41:Infinity":13,"s:42:2:42:Infinity":30}}}
,"C:\\Users\\Nesh\\Desktop\\Coding Projects\\Devsession\\devsession\\pro\\src\\license.ts": {"path":"C:\\Users\\Nesh\\Desktop\\Coding Projects\\Devsession\\devsession\\pro\\src\\license.ts","statementMap":{"0":{"start":{"line":29,"column":0},"end":{"line":29,"column":16}},"1":{"start":{"line":61,"column":0},"end":{"line":61,"column":16}},"2":{"start":{"line":91,"column":0},"end":{"line":91,"column":16}},"3":{"start":{"line":117,"column":0},"end":{"line":117,"column":16}},"4":{"start":{"line":137,"column":0},"end":{"line":137,"column":16}},"5":{"start":{"line":146,"column":0},"end":{"line":146,"column":16}},"6":{"start":{"line":1,"column":0},"end":{"line":1,"column":null}},"7":{"start":{"line":2,"column":0},"end":{"line":2,"column":null}},"8":{"start":{"line":3,"column":0},"end":{"line":3,"column":null}},"9":{"start":{"line":4,"column":0},"end":{"line":4,"column":null}},"10":{"start":{"line":6,"column":13},"end":{"line":8,"column":null}},"11":{"start":{"line":30,"column":2},"end":{"line":50,"column":null}},"12":{"start":{"line":31,"column":4},"end":{"line":31,"column":null}},"13":{"start":{"line":31,"column":66},"end":{"line":31,"column":null}},"14":{"start":{"line":33,"column":18},"end":{"line":33,"column":32}},"15":{"start":{"line":34,"column":26},"end":{"line":34,"column":50}},"16":{"start":{"line":35,"column":33},"end":{"line":35,"column":57}},"17":{"start":{"line":37,"column":4},"end":{"line":37,"column":null}},"18":{"start":{"line":37,"column":32},"end":{"line":37,"column":null}},"19":{"start":{"line":39,"column":23},"end":{"line":39,"column":76}},"20":{"start":{"line":40,"column":22},"end":{"line":40,"column":54}},"21":{"start":{"line":42,"column":22},"end":{"line":42,"column":64}},"22":{"start":{"line":43,"column":20},"end":{"line":43,"column":86}},"23":{"start":{"line":45,"column":4},"end":{"line":45,"column":null}},"24":{"start":{"line":45,"column":18},"end":{"line":45,"column":null}},"25":{"start":{"line":47,"column":4},"end":{"line":47,"column":null}},"26":{"start":{"line":49,"column":4},"end":{"line":49,"column":null}},"27":{"start":{"line":54,"column":2},"end":{"line":54,"column":null}},"28":{"start":{"line":58,"column":2},"end":{"line":58,"column":null}},"29":{"start":{"line":62,"column":22},"end":{"line":62,"column":38}},"30":{"start":{"line":65,"column":2},"end":{"line":78,"column":null}},"31":{"start":{"line":66,"column":4},"end":{"line":71,"column":null}},"32":{"start":{"line":67,"column":19},"end":{"line":67,"column":67}},"33":{"start":{"line":68,"column":6},"end":{"line":68,"column":null}},"34":{"start":{"line":70,"column":6},"end":{"line":70,"column":null}},"35":{"start":{"line":73,"column":4},"end":{"line":73,"column":null}},"36":{"start":{"line":74,"column":4},"end":{"line":77,"column":null}},"37":{"start":{"line":75,"column":6},"end":{"line":75,"column":null}},"38":{"start":{"line":76,"column":6},"end":{"line":76,"column":null}},"39":{"start":{"line":80,"column":14},"end":{"line":80,"column":24}},"40":{"start":{"line":81,"column":19},"end":{"line":81,"column":66}},"41":{"start":{"line":82,"column":19},"end":{"line":82,"column":62}},"42":{"start":{"line":83,"column":24},"end":{"line":83,"column":50}},"43":{"start":{"line":85,"column":2},"end":{"line":88,"column":null}},"44":{"start":{"line":92,"column":16},"end":{"line":92,"column":32}},"45":{"start":{"line":93,"column":35},"end":{"line":93,"column":95}},"46":{"start":{"line":95,"column":22},"end":{"line":95,"column":38}},"47":{"start":{"line":96,"column":2},"end":{"line":96,"column":null}},"48":{"start":{"line":96,"column":35},"end":{"line":96,"column":null}},"49":{"start":{"line":98,"column":2},"end":{"line":114,"column":null}},"50":{"start":{"line":99,"column":17},"end":{"line":99,"column":65}},"51":{"start":{"line":100,"column":4},"end":{"line":100,"column":null}},"52":{"start":{"line":100,"column":19},"end":{"line":100,"column":null}},"53":{"start":{"line":102,"column":20},"end":{"line":102,"column":48}},"54":{"start":{"line":103,"column":4},"end":{"line":103,"column":null}},"55":{"start":{"line":103,"column":18},"end":{"line":103,"column":null}},"56":{"start":{"line":105,"column":4},"end":{"line":111,"column":null}},"57":{"start":{"line":113,"column":4},"end":{"line":113,"column":null}},"58":{"start":{"line":118,"column":18},"end":{"line":118,"column":41}},"59":{"start":{"line":119,"column":2},"end":{"line":119,"column":null}},"60":{"start":{"line":119,"column":16},"end":{"line":119,"column":null}},"61":{"start":{"line":121,"column":2},"end":{"line":134,"column":null}},"62":{"start":{"line":122,"column":24},"end":{"line":122,"column":40}},"63":{"start":{"line":123,"column":4},"end":{"line":123,"column":null}},"64":{"start":{"line":124,"column":4},"end":{"line":129,"column":null}},"65":{"start":{"line":131,"column":4},"end":{"line":131,"column":null}},"66":{"start":{"line":133,"column":4},"end":{"line":133,"column":null}},"67":{"start":{"line":138,"column":2},"end":{"line":143,"column":null}},"68":{"start":{"line":139,"column":24},"end":{"line":139,"column":40}},"69":{"start":{"line":140,"column":4},"end":{"line":142,"column":null}},"70":{"start":{"line":141,"column":6},"end":{"line":141,"column":null}},"71":{"start":{"line":147,"column":15},"end":{"line":147,"column":27}},"72":{"start":{"line":148,"column":2},"end":{"line":148,"column":null}}},"fnMap":{"0":{"name":"validateLicenseKey","decl":{"start":{"line":29,"column":16},"end":{"line":29,"column":34}},"loc":{"start":{"line":29,"column":46},"end":{"line":51,"column":null}},"line":29},"1":{"name":"getLicensePath","decl":{"start":{"line":53,"column":9},"end":{"line":53,"column":23}},"loc":{"start":{"line":53,"column":23},"end":{"line":55,"column":null}},"line":53},"2":{"name":"getInstallPath","decl":{"start":{"line":57,"column":9},"end":{"line":57,"column":23}},"loc":{"start":{"line":57,"column":23},"end":{"line":59,"column":null}},"line":57},"3":{"name":"getTrialStatus","decl":{"start":{"line":61,"column":16},"end":{"line":61,"column":30}},"loc":{"start":{"line":61,"column":30},"end":{"line":89,"column":null}},"line":61},"4":{"name":"getLicense","decl":{"start":{"line":91,"column":16},"end":{"line":91,"column":26}},"loc":{"start":{"line":91,"column":26},"end":{"line":115,"column":null}},"line":91},"5":{"name":"activateLicense","decl":{"start":{"line":117,"column":16},"end":{"line":117,"column":31}},"loc":{"start":{"line":117,"column":43},"end":{"line":135,"column":null}},"line":117},"6":{"name":"deactivateLicense","decl":{"start":{"line":137,"column":16},"end":{"line":137,"column":33}},"loc":{"start":{"line":137,"column":33},"end":{"line":144,"column":null}},"line":137},"7":{"name":"isPro","decl":{"start":{"line":146,"column":16},"end":{"line":146,"column":21}},"loc":{"start":{"line":146,"column":21},"end":{"line":149,"column":null}},"line":146}},"branchMap":{"0":{"loc":{"start":{"line":31,"column":4},"end":{"line":31,"column":null}},"type":"if","locations":[{"start":{"line":31,"column":4},"end":{"line":31,"column":null}},{"start":{},"end":{}}],"line":31},"1":{"loc":{"start":{"line":31,"column":8},"end":{"line":31,"column":64}},"type":"binary-expr","locations":[{"start":{"line":31,"column":8},"end":{"line":31,"column":34}},{"start":{"line":31,"column":38},"end":{"line":31,"column":64}}],"line":31},"2":{"loc":{"start":{"line":37,"column":4},"end":{"line":37,"column":null}},"type":"if","locations":[{"start":{"line":37,"column":4},"end":{"line":37,"column":null}},{"start":{},"end":{}}],"line":37},"3":{"loc":{"start":{"line":37,"column":8},"end":{"line":37,"column":30}},"type":"binary-expr","locations":[{"start":{"line":37,"column":8},"end":{"line":37,"column":19}},{"start":{"line":37,"column":23},"end":{"line":37,"column":30}}],"line":37},"4":{"loc":{"start":{"line":45,"column":4},"end":{"line":45,"column":null}},"type":"if","locations":[{"start":{"line":45,"column":4},"end":{"line":45,"column":null}},{"start":{},"end":{}}],"line":45},"5":{"loc":{"start":{"line":65,"column":2},"end":{"line":78,"column":null}},"type":"if","locations":[{"start":{"line":65,"column":2},"end":{"line":78,"column":null}},{"start":{"line":72,"column":9},"end":{"line":78,"column":null}}],"line":65},"6":{"loc":{"start":{"line":96,"column":2},"end":{"line":96,"column":null}},"type":"if","locations":[{"start":{"line":96,"column":2},"end":{"line":96,"column":null}},{"start":{},"end":{}}],"line":96},"7":{"loc":{"start":{"line":100,"column":4},"end":{"line":100,"column":null}},"type":"if","locations":[{"start":{"line":100,"column":4},"end":{"line":100,"column":null}},{"start":{},"end":{}}],"line":100},"8":{"loc":{"start":{"line":103,"column":4},"end":{"line":103,"column":null}},"type":"if","locations":[{"start":{"line":103,"column":4},"end":{"line":103,"column":null}},{"start":{},"end":{}}],"line":103},"9":{"loc":{"start":{"line":109,"column":13},"end":{"line":109,"column":31}},"type":"binary-expr","locations":[{"start":{"line":109,"column":13},"end":{"line":109,"column":26}},{"start":{"line":109,"column":30},"end":{"line":109,"column":31}}],"line":109},"10":{"loc":{"start":{"line":119,"column":2},"end":{"line":119,"column":null}},"type":"if","locations":[{"start":{"line":119,"column":2},"end":{"line":119,"column":null}},{"start":{},"end":{}}],"line":119},"11":{"loc":{"start":{"line":133,"column":36},"end":{"line":133,"column":75}},"type":"binary-expr","locations":[{"start":{"line":133,"column":36},"end":{"line":133,"column":47}},{"start":{"line":133,"column":51},"end":{"line":133,"column":75}}],"line":133},"12":{"loc":{"start":{"line":140,"column":4},"end":{"line":142,"column":null}},"type":"if","locations":[{"start":{"line":140,"column":4},"end":{"line":142,"column":null}},{"start":{},"end":{}}],"line":140},"13":{"loc":{"start":{"line":148,"column":9},"end":{"line":148,"column":97}},"type":"binary-expr","locations":[{"start":{"line":148,"column":10},"end":{"line":148,"column":20}},{"start":{"line":148,"column":25},"end":{"line":148,"column":44}},{"start":{"line":148,"column":48},"end":{"line":148,"column":74}},{"start":{"line":148,"column":80},"end":{"line":148,"column":97}}],"line":148}},"s":{"0":2,"1":2,"2":2,"3":2,"4":2,"5":2,"6":2,"7":2,"8":2,"9":2,"10":2,"11":0,"12":0,"13":0,"14":0,"15":0,"16":0,"17":0,"18":0,"19":0,"20":0,"21":0,"22":0,"23":0,"24":0,"25":0,"26":0,"27":0,"28":0,"29":0,"30":0,"31":0,"32":0,"33":0,"34":0,"35":0,"36":0,"37":0,"38":0,"39":0,"40":0,"41":0,"42":0,"43":0,"44":0,"45":0,"46":0,"47":0,"48":0,"49":0,"50":0,"51":0,"52":0,"53":0,"54":0,"55":0,"56":0,"57":0,"58":0,"59":0,"60":0,"61":0,"62":0,"63":0,"64":0,"65":0,"66":0,"67":0,"68":0,"69":0,"70":0,"71":0,"72":0},"f":{"0":0,"1":0,"2":0,"3":0,"4":0,"5":0,"6":0,"7":0},"b":{"0":[0,0],"1":[0,0],"2":[0,0],"3":[0,0],"4":[0,0],"5":[0,0],"6":[0,0],"7":[0,0],"8":[0,0],"9":[0,0],"10":[0,0],"11":[0,0],"12":[0,0],"13":[0,0,0,0]},"meta":{"lastBranch":14,"lastFunction":8,"lastStatement":73,"seen":{"s:29:0:29:16":0,"s:61:0:61:16":1,"s:91:0:91:16":2,"s:117:0:117:16":3,"s:137:0:137:16":4,"s:146:0:146:16":5,"s:1:0:1:Infinity":6,"s:2:0:2:Infinity":7,"s:3:0:3:Infinity":8,"s:4:0:4:Infinity":9,"s:6:13:8:Infinity":10,"f:29:16:29:34":0,"s:30:2:50:Infinity":11,"b:31:4:31:Infinity:undefined:undefined:undefined:undefined":0,"s:31:4:31:Infinity":12,"b:31:8:31:34:31:38:31:64":1,"s:31:66:31:Infinity":13,"s:33:18:33:32":14,"s:34:26:34:50":15,"s:35:33:35:57":16,"b:37:4:37:Infinity:undefined:undefined:undefined:undefined":2,"s:37:4:37:Infinity":17,"b:37:8:37:19:37:23:37:30":3,"s:37:32:37:Infinity":18,"s:39:23:39:76":19,"s:40:22:40:54":20,"s:42:22:42:64":21,"s:43:20:43:86":22,"b:45:4:45:Infinity:undefined:undefined:undefined:undefined":4,"s:45:4:45:Infinity":23,"s:45:18:45:Infinity":24,"s:47:4:47:Infinity":25,"s:49:4:49:Infinity":26,"f:53:9:53:23":1,"s:54:2:54:Infinity":27,"f:57:9:57:23":2,"s:58:2:58:Infinity":28,"f:61:16:61:30":3,"s:62:22:62:38":29,"b:65:2:78:Infinity:72:9:78:Infinity":5,"s:65:2:78:Infinity":30,"s:66:4:71:Infinity":31,"s:67:19:67:67":32,"s:68:6:68:Infinity":33,"s:70:6:70:Infinity":34,"s:73:4:73:Infinity":35,"s:74:4:77:Infinity":36,"s:75:6:75:Infinity":37,"s:76:6:76:Infinity":38,"s:80:14:80:24":39,"s:81:19:81:66":40,"s:82:19:82:62":41,"s:83:24:83:50":42,"s:85:2:88:Infinity":43,"f:91:16:91:26":4,"s:92:16:92:32":44,"s:93:35:93:95":45,"s:95:22:95:38":46,"b:96:2:96:Infinity:undefined:undefined:undefined:undefined":6,"s:96:2:96:Infinity":47,"s:96:35:96:Infinity":48,"s:98:2:114:Infinity":49,"s:99:17:99:65":50,"b:100:4:100:Infinity:undefined:undefined:undefined:undefined":7,"s:100:4:100:Infinity":51,"s:100:19:100:Infinity":52,"s:102:20:102:48":53,"b:103:4:103:Infinity:undefined:undefined:undefined:undefined":8,"s:103:4:103:Infinity":54,"s:103:18:103:Infinity":55,"s:105:4:111:Infinity":56,"b:109:13:109:26:109:30:109:31":9,"s:113:4:113:Infinity":57,"f:117:16:117:31":5,"s:118:18:118:41":58,"b:119:2:119:Infinity:undefined:undefined:undefined:undefined":10,"s:119:2:119:Infinity":59,"s:119:16:119:Infinity":60,"s:121:2:134:Infinity":61,"s:122:24:122:40":62,"s:123:4:123:Infinity":63,"s:124:4:129:Infinity":64,"s:131:4:131:Infinity":65,"s:133:4:133:Infinity":66,"b:133:36:133:47:133:51:133:75":11,"f:137:16:137:33":6,"s:138:2:143:Infinity":67,"s:139:24:139:40":68,"b:140:4:142:Infinity:undefined:undefined:undefined:undefined":12,"s:140:4:142:Infinity":69,"s:141:6:141:Infinity":70,"f:146:16:146:21":7,"s:147:15:147:27":71,"s:148:2:148:Infinity":72,"b:148:10:148:20:148:25:148:44:148:48:148:74:148:80:148:97":13}}}
,"C:\\Users\\Nesh\\Desktop\\Coding Projects\\Devsession\\devsession\\src\\agents.ts": {"path":"C:\\Users\\Nesh\\Desktop\\Coding Projects\\Devsession\\devsession\\src\\agents.ts","statementMap":{"0":{"start":{"line":70,"column":2},"end":{"line":70,"column":null}},"1":{"start":{"line":73,"column":2},"end":{"line":73,"column":null}},"2":{"start":{"line":74,"column":2},"end":{"line":74,"column":null}},"3":{"start":{"line":75,"column":2},"end":{"line":75,"column":null}},"4":{"start":{"line":76,"column":2},"end":{"line":76,"column":null}},"5":{"start":{"line":79,"column":4},"end":{"line":79,"column":null}},"6":{"start":{"line":80,"column":4},"end":{"line":84,"column":null}},"7":{"start":{"line":92,"column":4},"end":{"line":94,"column":null}},"8":{"start":{"line":93,"column":6},"end":{"line":93,"column":null}},"9":{"start":{"line":95,"column":4},"end":{"line":97,"column":null}},"10":{"start":{"line":96,"column":6},"end":{"line":96,"column":null}},"11":{"start":{"line":99,"column":16},"end":{"line":99,"column":null}},"12":{"start":{"line":101,"column":4},"end":{"line":110,"column":null}},"13":{"start":{"line":113,"column":4},"end":{"line":113,"column":null}},"14":{"start":{"line":116,"column":4},"end":{"line":119,"column":null}},"15":{"start":{"line":117,"column":6},"end":{"line":117,"column":null}},"16":{"start":{"line":118,"column":6},"end":{"line":118,"column":null}},"17":{"start":{"line":121,"column":4},"end":{"line":121,"column":null}},"18":{"start":{"line":122,"column":4},"end":{"line":122,"column":null}},"19":{"start":{"line":132,"column":4},"end":{"line":132,"column":null}},"20":{"start":{"line":135,"column":25},"end":{"line":135,"column":null}},"21":{"start":{"line":136,"column":4},"end":{"line":160,"column":null}},"22":{"start":{"line":138,"column":6},"end":{"line":148,"column":null}},"23":{"start":{"line":150,"column":6},"end":{"line":150,"column":null}},"24":{"start":{"line":151,"column":6},"end":{"line":151,"column":null}},"25":{"start":{"line":153,"column":6},"end":{"line":155,"column":null}},"26":{"start":{"line":154,"column":8},"end":{"line":154,"column":null}},"27":{"start":{"line":158,"column":6},"end":{"line":158,"column":null}},"28":{"start":{"line":159,"column":6},"end":{"line":159,"column":null}},"29":{"start":{"line":163,"column":4},"end":{"line":173,"column":null}},"30":{"start":{"line":175,"column":4},"end":{"line":175,"column":null}},"31":{"start":{"line":176,"column":4},"end":{"line":176,"column":null}},"32":{"start":{"line":179,"column":4},"end":{"line":181,"column":null}},"33":{"start":{"line":180,"column":6},"end":{"line":180,"column":null}},"34":{"start":{"line":183,"column":4},"end":{"line":185,"column":null}},"35":{"start":{"line":193,"column":4},"end":{"line":193,"column":null}},"36":{"start":{"line":193,"column":42},"end":{"line":193,"column":null}},"37":{"start":{"line":194,"column":4},"end":{"line":194,"column":null}},"38":{"start":{"line":199,"column":4},"end":{"line":199,"column":null}},"39":{"start":{"line":204,"column":4},"end":{"line":204,"column":null}},"40":{"start":{"line":209,"column":4},"end":{"line":209,"column":null}},"41":{"start":{"line":214,"column":4},"end":{"line":214,"column":null}},"42":{"start":{"line":221,"column":4},"end":{"line":221,"column":null}},"43":{"start":{"line":224,"column":4},"end":{"line":224,"column":null}},"44":{"start":{"line":225,"column":4},"end":{"line":225,"column":null}},"45":{"start":{"line":226,"column":4},"end":{"line":226,"column":null}},"46":{"start":{"line":228,"column":10},"end":{"line":228,"column":null}},"47":{"start":{"line":229,"column":4},"end":{"line":229,"column":null}},"48":{"start":{"line":231,"column":4},"end":{"line":231,"column":null}},"49":{"start":{"line":234,"column":10},"end":{"line":234,"column":null}},"50":{"start":{"line":235,"column":10},"end":{"line":235,"column":null}},"51":{"start":{"line":236,"column":10},"end":{"line":236,"column":null}},"52":{"start":{"line":237,"column":10},"end":{"line":237,"column":null}},"53":{"start":{"line":239,"column":4},"end":{"line":268,"column":null}},"54":{"start":{"line":250,"column":31},"end":{"line":254,"column":8}},"55":{"start":{"line":255,"column":38},"end":{"line":259,"column":8}},"56":{"start":{"line":260,"column":44},"end":{"line":266,"column":8}},"57":{"start":{"line":277,"column":4},"end":{"line":277,"column":null}},"58":{"start":{"line":277,"column":42},"end":{"line":277,"column":null}},"59":{"start":{"line":278,"column":4},"end":{"line":278,"column":null}},"60":{"start":{"line":282,"column":4},"end":{"line":284,"column":null}},"61":{"start":{"line":283,"column":6},"end":{"line":283,"column":null}},"62":{"start":{"line":285,"column":4},"end":{"line":287,"column":null}},"63":{"start":{"line":286,"column":6},"end":{"line":286,"column":null}},"64":{"start":{"line":311,"column":4},"end":{"line":311,"column":null}},"65":{"start":{"line":312,"column":4},"end":{"line":312,"column":null}},"66":{"start":{"line":313,"column":4},"end":{"line":313,"column":null}},"67":{"start":{"line":314,"column":4},"end":{"line":314,"column":null}},"68":{"start":{"line":339,"column":18},"end":{"line":339,"column":null}},"69":{"start":{"line":340,"column":2},"end":{"line":340,"column":null}},"70":{"start":{"line":342,"column":2},"end":{"line":389,"column":null}},"71":{"start":{"line":343,"column":4},"end":{"line":343,"column":null}},"72":{"start":{"line":345,"column":4},"end":{"line":383,"column":null}},"73":{"start":{"line":347,"column":12},"end":{"line":347,"column":null}},"74":{"start":{"line":348,"column":6},"end":{"line":364,"column":null}},"75":{"start":{"line":350,"column":8},"end":{"line":363,"column":null}},"76":{"start":{"line":365,"column":12},"end":{"line":365,"column":null}},"77":{"start":{"line":366,"column":12},"end":{"line":366,"column":null}},"78":{"start":{"line":367,"column":12},"end":{"line":367,"column":null}},"79":{"start":{"line":369,"column":6},"end":{"line":382,"column":null}},"80":{"start":{"line":378,"column":33},"end":{"line":378,"column":98}},"81":{"start":{"line":379,"column":40},"end":{"line":379,"column":101}},"82":{"start":{"line":380,"column":46},"end":{"line":380,"column":143}},"83":{"start":{"line":385,"column":4},"end":{"line":387,"column":null}},"84":{"start":{"line":386,"column":6},"end":{"line":386,"column":null}},"85":{"start":{"line":388,"column":4},"end":{"line":388,"column":null}},"86":{"start":{"line":391,"column":2},"end":{"line":393,"column":null}},"87":{"start":{"line":392,"column":4},"end":{"line":392,"column":null}},"88":{"start":{"line":396,"column":8},"end":{"line":396,"column":null}},"89":{"start":{"line":397,"column":8},"end":{"line":397,"column":null}},"90":{"start":{"line":398,"column":8},"end":{"line":398,"column":null}},"91":{"start":{"line":399,"column":8},"end":{"line":399,"column":null}},"92":{"start":{"line":401,"column":2},"end":{"line":414,"column":null}},"93":{"start":{"line":410,"column":29},"end":{"line":410,"column":94}},"94":{"start":{"line":411,"column":40},"end":{"line":411,"column":101}},"95":{"start":{"line":412,"column":42},"end":{"line":412,"column":139}}},"fnMap":{"0":{"name":"(anonymous_0)","decl":{"start":{"line":78,"column":2},"end":{"line":78,"column":14}},"loc":{"start":{"line":78,"column":61},"end":{"line":85,"column":null}},"line":78},"1":{"name":"(anonymous_1)","decl":{"start":{"line":91,"column":2},"end":{"line":91,"column":18}},"loc":{"start":{"line":91,"column":18},"end":{"line":123,"column":null}},"line":91},"2":{"name":"(anonymous_2)","decl":{"start":{"line":131,"column":2},"end":{"line":131,"column":8}},"loc":{"start":{"line":131,"column":170},"end":{"line":186,"column":null}},"line":131},"3":{"name":"(anonymous_3)","decl":{"start":{"line":192,"column":6},"end":{"line":192,"column":39}},"loc":{"start":{"line":192,"column":39},"end":{"line":195,"column":null}},"line":192},"4":{"name":"(anonymous_4)","decl":{"start":{"line":198,"column":6},"end":{"line":198,"column":22}},"loc":{"start":{"line":198,"column":22},"end":{"line":200,"column":null}},"line":198},"5":{"name":"(anonymous_5)","decl":{"start":{"line":203,"column":6},"end":{"line":203,"column":23}},"loc":{"start":{"line":203,"column":23},"end":{"line":205,"column":null}},"line":203},"6":{"name":"(anonymous_6)","decl":{"start":{"line":208,"column":6},"end":{"line":208,"column":26}},"loc":{"start":{"line":208,"column":26},"end":{"line":210,"column":null}},"line":208},"7":{"name":"(anonymous_7)","decl":{"start":{"line":213,"column":6},"end":{"line":213,"column":26}},"loc":{"start":{"line":213,"column":26},"end":{"line":215,"column":null}},"line":213},"8":{"name":"(anonymous_8)","decl":{"start":{"line":220,"column":2},"end":{"line":220,"column":6}},"loc":{"start":{"line":220,"column":43},"end":{"line":269,"column":null}},"line":220},"9":{"name":"(anonymous_9)","decl":{"start":{"line":250,"column":23},"end":{"line":250,"column":24}},"loc":{"start":{"line":250,"column":31},"end":{"line":254,"column":8}},"line":250},"10":{"name":"(anonymous_10)","decl":{"start":{"line":255,"column":30},"end":{"line":255,"column":31}},"loc":{"start":{"line":255,"column":38},"end":{"line":259,"column":8}},"line":255},"11":{"name":"(anonymous_11)","decl":{"start":{"line":260,"column":36},"end":{"line":260,"column":37}},"loc":{"start":{"line":260,"column":44},"end":{"line":266,"column":8}},"line":260},"12":{"name":"(anonymous_12)","decl":{"start":{"line":276,"column":2},"end":{"line":276,"column":12}},"loc":{"start":{"line":276,"column":44},"end":{"line":279,"column":null}},"line":276},"13":{"name":"(anonymous_13)","decl":{"start":{"line":281,"column":10},"end":{"line":281,"column":32}},"loc":{"start":{"line":281,"column":32},"end":{"line":288,"column":null}},"line":281},"14":{"name":"(anonymous_14)","decl":{"start":{"line":310,"column":2},"end":{"line":310,"column":14}},"loc":{"start":{"line":310,"column":45},"end":{"line":315,"column":null}},"line":310},"15":{"name":"runAgentSession","decl":{"start":{"line":334,"column":22},"end":{"line":334,"column":null}},"loc":{"start":{"line":338,"column":32},"end":{"line":415,"column":null}},"line":338},"16":{"name":"(anonymous_16)","decl":{"start":{"line":378,"column":25},"end":{"line":378,"column":26}},"loc":{"start":{"line":378,"column":33},"end":{"line":378,"column":98}},"line":378},"17":{"name":"(anonymous_17)","decl":{"start":{"line":379,"column":32},"end":{"line":379,"column":33}},"loc":{"start":{"line":379,"column":40},"end":{"line":379,"column":101}},"line":379},"18":{"name":"(anonymous_18)","decl":{"start":{"line":380,"column":38},"end":{"line":380,"column":39}},"loc":{"start":{"line":380,"column":46},"end":{"line":380,"column":143}},"line":380},"19":{"name":"(anonymous_19)","decl":{"start":{"line":410,"column":21},"end":{"line":410,"column":22}},"loc":{"start":{"line":410,"column":29},"end":{"line":410,"column":94}},"line":410},"20":{"name":"(anonymous_20)","decl":{"start":{"line":411,"column":32},"end":{"line":411,"column":33}},"loc":{"start":{"line":411,"column":40},"end":{"line":411,"column":101}},"line":411},"21":{"name":"(anonymous_21)","decl":{"start":{"line":412,"column":34},"end":{"line":412,"column":35}},"loc":{"start":{"line":412,"column":42},"end":{"line":412,"column":139}},"line":412}},"branchMap":{"0":{"loc":{"start":{"line":78,"column":28},"end":{"line":78,"column":61}},"type":"default-arg","locations":[{"start":{"line":78,"column":57},"end":{"line":78,"column":61}}],"line":78},"1":{"loc":{"start":{"line":92,"column":4},"end":{"line":94,"column":null}},"type":"if","locations":[{"start":{"line":92,"column":4},"end":{"line":94,"column":null}},{"start":{},"end":{}}],"line":92},"2":{"loc":{"start":{"line":95,"column":4},"end":{"line":97,"column":null}},"type":"if","locations":[{"start":{"line":95,"column":4},"end":{"line":97,"column":null}},{"start":{},"end":{}}],"line":95},"3":{"loc":{"start":{"line":99,"column":16},"end":{"line":99,"column":null}},"type":"binary-expr","locations":[{"start":{"line":99,"column":16},"end":{"line":99,"column":41}},{"start":{"line":99,"column":41},"end":{"line":99,"column":null}}],"line":99},"4":{"loc":{"start":{"line":116,"column":4},"end":{"line":119,"column":null}},"type":"if","locations":[{"start":{"line":116,"column":4},"end":{"line":119,"column":null}},{"start":{},"end":{}}],"line":116},"5":{"loc":{"start":{"line":136,"column":4},"end":{"line":160,"column":null}},"type":"if","locations":[{"start":{"line":136,"column":4},"end":{"line":160,"column":null}},{"start":{},"end":{}}],"line":136},"6":{"loc":{"start":{"line":136,"column":8},"end":{"line":136,"column":80}},"type":"binary-expr","locations":[{"start":{"line":136,"column":8},"end":{"line":136,"column":44}},{"start":{"line":136,"column":44},"end":{"line":136,"column":80}}],"line":136},"7":{"loc":{"start":{"line":153,"column":6},"end":{"line":155,"column":null}},"type":"if","locations":[{"start":{"line":153,"column":6},"end":{"line":155,"column":null}},{"start":{},"end":{}}],"line":153},"8":{"loc":{"start":{"line":179,"column":4},"end":{"line":181,"column":null}},"type":"if","locations":[{"start":{"line":179,"column":4},"end":{"line":181,"column":null}},{"start":{},"end":{}}],"line":179},"9":{"loc":{"start":{"line":183,"column":11},"end":{"line":185,"column":null}},"type":"cond-expr","locations":[{"start":{"line":184,"column":8},"end":{"line":184,"column":null}},{"start":{"line":185,"column":8},"end":{"line":185,"column":null}}],"line":183},"10":{"loc":{"start":{"line":193,"column":4},"end":{"line":193,"column":null}},"type":"if","locations":[{"start":{"line":193,"column":4},"end":{"line":193,"column":null}},{"start":{},"end":{}}],"line":193},"11":{"loc":{"start":{"line":209,"column":11},"end":{"line":209,"column":null}},"type":"binary-expr","locations":[{"start":{"line":209,"column":11},"end":{"line":209,"column":27}},{"start":{"line":209,"column":27},"end":{"line":209,"column":null}}],"line":209},"12":{"loc":{"start":{"line":242,"column":16},"end":{"line":242,"column":null}},"type":"binary-expr","locations":[{"start":{"line":242,"column":16},"end":{"line":242,"column":36}},{"start":{"line":242,"column":36},"end":{"line":242,"column":null}}],"line":242},"13":{"loc":{"start":{"line":247,"column":23},"end":{"line":249,"column":null}},"type":"cond-expr","locations":[{"start":{"line":248,"column":10},"end":{"line":248,"column":null}},{"start":{"line":249,"column":10},"end":{"line":249,"column":null}}],"line":247},"14":{"loc":{"start":{"line":277,"column":4},"end":{"line":277,"column":null}},"type":"if","locations":[{"start":{"line":277,"column":4},"end":{"line":277,"column":null}},{"start":{},"end":{}}],"line":277},"15":{"loc":{"start":{"line":282,"column":4},"end":{"line":284,"column":null}},"type":"if","locations":[{"start":{"line":282,"column":4},"end":{"line":284,"column":null}},{"start":{},"end":{}}],"line":282},"16":{"loc":{"start":{"line":285,"column":4},"end":{"line":287,"column":null}},"type":"if","locations":[{"start":{"line":285,"column":4},"end":{"line":287,"column":null}},{"start":{},"end":{}}],"line":285},"17":{"loc":{"start":{"line":345,"column":4},"end":{"line":383,"column":null}},"type":"if","locations":[{"start":{"line":345,"column":4},"end":{"line":383,"column":null}},{"start":{},"end":{}}],"line":345},"18":{"loc":{"start":{"line":348,"column":6},"end":{"line":364,"column":null}},"type":"if","locations":[{"start":{"line":348,"column":6},"end":{"line":364,"column":null}},{"start":{},"end":{}}],"line":348},"19":{"loc":{"start":{"line":372,"column":18},"end":{"line":372,"column":null}},"type":"binary-expr","locations":[{"start":{"line":372,"column":18},"end":{"line":372,"column":40}},{"start":{"line":372,"column":40},"end":{"line":372,"column":null}}],"line":372},"20":{"loc":{"start":{"line":385,"column":4},"end":{"line":387,"column":null}},"type":"if","locations":[{"start":{"line":385,"column":4},"end":{"line":387,"column":null}},{"start":{},"end":{}}],"line":385},"21":{"loc":{"start":{"line":391,"column":2},"end":{"line":393,"column":null}},"type":"if","locations":[{"start":{"line":391,"column":2},"end":{"line":393,"column":null}},{"start":{},"end":{}}],"line":391},"22":{"loc":{"start":{"line":404,"column":14},"end":{"line":404,"column":null}},"type":"binary-expr","locations":[{"start":{"line":404,"column":14},"end":{"line":404,"column":36}},{"start":{"line":404,"column":36},"end":{"line":404,"column":null}}],"line":404},"23":{"loc":{"start":{"line":409,"column":21},"end":{"line":409,"column":null}},"type":"cond-expr","locations":[{"start":{"line":409,"column":51},"end":{"line":409,"column":99}},{"start":{"line":409,"column":99},"end":{"line":409,"column":null}}],"line":409}},"s":{"0":19,"1":19,"2":19,"3":19,"4":19,"5":19,"6":19,"7":19,"8":1,"9":18,"10":0,"11":18,"12":19,"13":19,"14":19,"15":0,"16":0,"17":18,"18":18,"19":15,"20":15,"21":15,"22":4,"23":4,"24":4,"25":4,"26":1,"27":4,"28":4,"29":9,"30":15,"31":15,"32":15,"33":1,"34":9,"35":2,"36":0,"37":2,"38":2,"39":2,"40":6,"41":11,"42":19,"43":19,"44":19,"45":19,"46":19,"47":19,"48":19,"49":19,"50":19,"51":19,"52":19,"53":19,"54":0,"55":0,"56":13,"57":3,"58":1,"59":2,"60":34,"61":1,"62":33,"63":2,"64":4,"65":4,"66":4,"67":4,"68":4,"69":4,"70":4,"71":4,"72":2,"73":1,"74":1,"75":0,"76":1,"77":1,"78":1,"79":1,"80":0,"81":0,"82":1,"83":1,"84":1,"85":1,"86":2,"87":1,"88":1,"89":1,"90":1,"91":1,"92":1,"93":0,"94":0,"95":1},"f":{"0":19,"1":19,"2":15,"3":2,"4":2,"5":2,"6":6,"7":11,"8":19,"9":0,"10":0,"11":13,"12":3,"13":34,"14":4,"15":4,"16":0,"17":0,"18":1,"19":0,"20":0,"21":1},"b":{"0":[19],"1":[1,18],"2":[0,18],"3":[18,18],"4":[0,19],"5":[4,11],"6":[15,7],"7":[1,3],"8":[1,14],"9":[3,6],"10":[0,2],"11":[6,6],"12":[19,18],"13":[8,10],"14":[1,2],"15":[1,33],"16":[2,31],"17":[1,1],"18":[0,1],"19":[1,1],"20":[1,0],"21":[1,1],"22":[1,1],"23":[0,1]},"meta":{"lastBranch":24,"lastFunction":22,"lastStatement":96,"seen":{"f:78:2:78:14":0,"b:78:57:78:61":0,"s:70:2:70:Infinity":0,"s:73:2:73:Infinity":1,"s:74:2:74:Infinity":2,"s:75:2:75:Infinity":3,"s:76:2:76:Infinity":4,"s:79:4:79:Infinity":5,"s:80:4:84:Infinity":6,"f:91:2:91:18":1,"b:92:4:94:Infinity:undefined:undefined:undefined:undefined":1,"s:92:4:94:Infinity":7,"s:93:6:93:Infinity":8,"b:95:4:97:Infinity:undefined:undefined:undefined:undefined":2,"s:95:4:97:Infinity":9,"s:96:6:96:Infinity":10,"s:99:16:99:Infinity":11,"b:99:16:99:41:99:41:99:Infinity":3,"s:101:4:110:Infinity":12,"s:113:4:113:Infinity":13,"b:116:4:119:Infinity:undefined:undefined:undefined:undefined":4,"s:116:4:119:Infinity":14,"s:117:6:117:Infinity":15,"s:118:6:118:Infinity":16,"s:121:4:121:Infinity":17,"s:122:4:122:Infinity":18,"f:131:2:131:8":2,"s:132:4:132:Infinity":19,"s:135:25:135:Infinity":20,"b:136:4:160:Infinity:undefined:undefined:undefined:undefined":5,"s:136:4:160:Infinity":21,"b:136:8:136:44:136:44:136:80":6,"s:138:6:148:Infinity":22,"s:150:6:150:Infinity":23,"s:151:6:151:Infinity":24,"b:153:6:155:Infinity:undefined:undefined:undefined:undefined":7,"s:153:6:155:Infinity":25,"s:154:8:154:Infinity":26,"s:158:6:158:Infinity":27,"s:159:6:159:Infinity":28,"s:163:4:173:Infinity":29,"s:175:4:175:Infinity":30,"s:176:4:176:Infinity":31,"b:179:4:181:Infinity:undefined:undefined:undefined:undefined":8,"s:179:4:181:Infinity":32,"s:180:6:180:Infinity":33,"s:183:4:185:Infinity":34,"b:184:8:184:Infinity:185:8:185:Infinity":9,"f:192:6:192:39":3,"b:193:4:193:Infinity:undefined:undefined:undefined:undefined":10,"s:193:4:193:Infinity":35,"s:193:42:193:Infinity":36,"s:194:4:194:Infinity":37,"f:198:6:198:22":4,"s:199:4:199:Infinity":38,"f:203:6:203:23":5,"s:204:4:204:Infinity":39,"f:208:6:208:26":6,"s:209:4:209:Infinity":40,"b:209:11:209:27:209:27:209:Infinity":11,"f:213:6:213:26":7,"s:214:4:214:Infinity":41,"f:220:2:220:6":8,"s:221:4:221:Infinity":42,"s:224:4:224:Infinity":43,"s:225:4:225:Infinity":44,"s:226:4:226:Infinity":45,"s:228:10:228:Infinity":46,"s:229:4:229:Infinity":47,"s:231:4:231:Infinity":48,"s:234:10:234:Infinity":49,"s:235:10:235:Infinity":50,"s:236:10:236:Infinity":51,"s:237:10:237:Infinity":52,"s:239:4:268:Infinity":53,"b:242:16:242:36:242:36:242:Infinity":12,"b:248:10:248:Infinity:249:10:249:Infinity":13,"f:250:23:250:24":9,"s:250:31:254:8":54,"f:255:30:255:31":10,"s:255:38:259:8":55,"f:260:36:260:37":11,"s:260:44:266:8":56,"f:276:2:276:12":12,"b:277:4:277:Infinity:undefined:undefined:undefined:undefined":14,"s:277:4:277:Infinity":57,"s:277:42:277:Infinity":58,"s:278:4:278:Infinity":59,"f:281:10:281:32":13,"b:282:4:284:Infinity:undefined:undefined:undefined:undefined":15,"s:282:4:284:Infinity":60,"s:283:6:283:Infinity":61,"b:285:4:287:Infinity:undefined:undefined:undefined:undefined":16,"s:285:4:287:Infinity":62,"s:286:6:286:Infinity":63,"f:310:2:310:14":14,"s:311:4:311:Infinity":64,"s:312:4:312:Infinity":65,"s:313:4:313:Infinity":66,"s:314:4:314:Infinity":67,"f:334:22:334:Infinity":15,"s:339:18:339:Infinity":68,"s:340:2:340:Infinity":69,"s:342:2:389:Infinity":70,"s:343:4:343:Infinity":71,"b:345:4:383:Infinity:undefined:undefined:undefined:undefined":17,"s:345:4:383:Infinity":72,"s:347:12:347:Infinity":73,"b:348:6:364:Infinity:undefined:undefined:undefined:undefined":18,"s:348:6:364:Infinity":74,"s:350:8:363:Infinity":75,"s:365:12:365:Infinity":76,"s:366:12:366:Infinity":77,"s:367:12:367:Infinity":78,"s:369:6:382:Infinity":79,"b:372:18:372:40:372:40:372:Infinity":19,"f:378:25:378:26":16,"s:378:33:378:98":80,"f:379:32:379:33":17,"s:379:40:379:101":81,"f:380:38:380:39":18,"s:380:46:380:143":82,"b:385:4:387:Infinity:undefined:undefined:undefined:undefined":20,"s:385:4:387:Infinity":83,"s:386:6:386:Infinity":84,"s:388:4:388:Infinity":85,"b:391:2:393:Infinity:undefined:undefined:undefined:undefined":21,"s:391:2:393:Infinity":86,"s:392:4:392:Infinity":87,"s:396:8:396:Infinity":88,"s:397:8:397:Infinity":89,"s:398:8:398:Infinity":90,"s:399:8:399:Infinity":91,"s:401:2:414:Infinity":92,"b:404:14:404:36:404:36:404:Infinity":22,"b:409:51:409:99:409:99:409:Infinity":23,"f:410:21:410:22":19,"s:410:29:410:94":93,"f:411:32:411:33":20,"s:411:40:411:101":94,"f:412:34:412:35":21,"s:412:42:412:139":95}}}
,"C:\\Users\\Nesh\\Desktop\\Coding Projects\\Devsession\\devsession\\src\\dashboard-server.ts": {"path":"C:\\Users\\Nesh\\Desktop\\Coding Projects\\Devsession\\devsession\\src\\dashboard-server.ts","statementMap":{"0":{"start":{"line":30,"column":6},"end":{"line":30,"column":null}},"1":{"start":{"line":31,"column":20},"end":{"line":31,"column":null}},"2":{"start":{"line":31,"column":21},"end":{"line":31,"column":null}},"3":{"start":{"line":34,"column":2},"end":{"line":34,"column":null}},"4":{"start":{"line":35,"column":2},"end":{"line":35,"column":null}},"5":{"start":{"line":39,"column":2},"end":{"line":39,"column":null}},"6":{"start":{"line":39,"column":8},"end":{"line":39,"column":39}},"7":{"start":{"line":43,"column":15},"end":{"line":43,"column":null}},"8":{"start":{"line":44,"column":2},"end":{"line":44,"column":null}},"9":{"start":{"line":44,"column":25},"end":{"line":44,"column":null}},"10":{"start":{"line":45,"column":2},"end":{"line":53,"column":null}},"11":{"start":{"line":46,"column":16},"end":{"line":46,"column":null}},"12":{"start":{"line":47,"column":4},"end":{"line":47,"column":null}},"13":{"start":{"line":47,"column":32},"end":{"line":47,"column":null}},"14":{"start":{"line":48,"column":4},"end":{"line":48,"column":null}},"15":{"start":{"line":49,"column":4},"end":{"line":49,"column":null}},"16":{"start":{"line":51,"column":4},"end":{"line":51,"column":null}},"17":{"start":{"line":51,"column":10},"end":{"line":51,"column":28}},"18":{"start":{"line":52,"column":4},"end":{"line":52,"column":null}},"19":{"start":{"line":57,"column":14},"end":{"line":57,"column":null}},"20":{"start":{"line":58,"column":2},"end":{"line":58,"column":null}},"21":{"start":{"line":58,"column":20},"end":{"line":58,"column":null}},"22":{"start":{"line":60,"column":2},"end":{"line":102,"column":null}},"23":{"start":{"line":62,"column":4},"end":{"line":62,"column":null}},"24":{"start":{"line":66,"column":18},"end":{"line":66,"column":null}},"25":{"start":{"line":67,"column":4},"end":{"line":82,"column":null}},"26":{"start":{"line":68,"column":6},"end":{"line":77,"column":null}},"27":{"start":{"line":70,"column":8},"end":{"line":73,"column":null}},"28":{"start":{"line":71,"column":10},"end":{"line":71,"column":null}},"29":{"start":{"line":72,"column":10},"end":{"line":72,"column":null}},"30":{"start":{"line":74,"column":8},"end":{"line":74,"column":null}},"31":{"start":{"line":76,"column":8},"end":{"line":76,"column":null}},"32":{"start":{"line":80,"column":6},"end":{"line":80,"column":null}},"33":{"start":{"line":81,"column":6},"end":{"line":81,"column":null}},"34":{"start":{"line":85,"column":4},"end":{"line":89,"column":null}},"35":{"start":{"line":86,"column":6},"end":{"line":86,"column":null}},"36":{"start":{"line":87,"column":6},"end":{"line":87,"column":null}},"37":{"start":{"line":88,"column":6},"end":{"line":88,"column":null}},"38":{"start":{"line":91,"column":4},"end":{"line":95,"column":null}},"39":{"start":{"line":92,"column":6},"end":{"line":92,"column":null}},"40":{"start":{"line":94,"column":6},"end":{"line":94,"column":null}},"41":{"start":{"line":96,"column":4},"end":{"line":96,"column":null}},"42":{"start":{"line":97,"column":4},"end":{"line":97,"column":null}},"43":{"start":{"line":98,"column":4},"end":{"line":98,"column":null}},"44":{"start":{"line":100,"column":4},"end":{"line":100,"column":null}},"45":{"start":{"line":101,"column":4},"end":{"line":101,"column":null}},"46":{"start":{"line":108,"column":2},"end":{"line":118,"column":null}},"47":{"start":{"line":109,"column":10},"end":{"line":117,"column":null}},"48":{"start":{"line":111,"column":8},"end":{"line":112,"column":null}},"49":{"start":{"line":111,"column":39},"end":{"line":111,"column":null}},"50":{"start":{"line":112,"column":13},"end":{"line":112,"column":null}},"51":{"start":{"line":115,"column":8},"end":{"line":115,"column":null}},"52":{"start":{"line":115,"column":27},"end":{"line":115,"column":41}},"53":{"start":{"line":124,"column":8},"end":{"line":124,"column":null}},"54":{"start":{"line":126,"column":2},"end":{"line":129,"column":null}},"55":{"start":{"line":127,"column":4},"end":{"line":127,"column":null}},"56":{"start":{"line":128,"column":4},"end":{"line":128,"column":null}},"57":{"start":{"line":131,"column":2},"end":{"line":146,"column":null}},"58":{"start":{"line":132,"column":4},"end":{"line":144,"column":null}},"59":{"start":{"line":133,"column":21},"end":{"line":133,"column":null}},"60":{"start":{"line":134,"column":6},"end":{"line":143,"column":null}},"61":{"start":{"line":135,"column":8},"end":{"line":142,"column":null}},"62":{"start":{"line":136,"column":22},"end":{"line":136,"column":null}},"63":{"start":{"line":137,"column":10},"end":{"line":139,"column":null}},"64":{"start":{"line":138,"column":12},"end":{"line":138,"column":null}},"65":{"start":{"line":141,"column":10},"end":{"line":141,"column":null}},"66":{"start":{"line":145,"column":4},"end":{"line":145,"column":null}},"67":{"start":{"line":148,"column":2},"end":{"line":156,"column":null}},"68":{"start":{"line":149,"column":4},"end":{"line":155,"column":null}},"69":{"start":{"line":150,"column":12},"end":{"line":150,"column":null}},"70":{"start":{"line":151,"column":12},"end":{"line":151,"column":null}},"71":{"start":{"line":152,"column":6},"end":{"line":152,"column":null}},"72":{"start":{"line":154,"column":6},"end":{"line":154,"column":null}},"73":{"start":{"line":160,"column":2},"end":{"line":166,"column":null}},"74":{"start":{"line":161,"column":4},"end":{"line":165,"column":null}},"75":{"start":{"line":162,"column":6},"end":{"line":162,"column":null}},"76":{"start":{"line":164,"column":6},"end":{"line":164,"column":null}},"77":{"start":{"line":168,"column":2},"end":{"line":177,"column":null}},"78":{"start":{"line":169,"column":4},"end":{"line":176,"column":null}},"79":{"start":{"line":170,"column":22},"end":{"line":170,"column":null}},"80":{"start":{"line":171,"column":6},"end":{"line":171,"column":null}},"81":{"start":{"line":171,"column":16},"end":{"line":171,"column":null}},"82":{"start":{"line":172,"column":12},"end":{"line":172,"column":null}},"83":{"start":{"line":173,"column":6},"end":{"line":173,"column":null}},"84":{"start":{"line":175,"column":6},"end":{"line":175,"column":null}},"85":{"start":{"line":179,"column":2},"end":{"line":186,"column":null}},"86":{"start":{"line":180,"column":4},"end":{"line":185,"column":null}},"87":{"start":{"line":181,"column":6},"end":{"line":181,"column":null}},"88":{"start":{"line":182,"column":6},"end":{"line":182,"column":null}},"89":{"start":{"line":184,"column":6},"end":{"line":184,"column":null}},"90":{"start":{"line":188,"column":2},"end":{"line":217,"column":null}},"91":{"start":{"line":189,"column":4},"end":{"line":216,"column":null}},"92":{"start":{"line":190,"column":24},"end":{"line":190,"column":null}},"93":{"start":{"line":191,"column":6},"end":{"line":193,"column":null}},"94":{"start":{"line":192,"column":8},"end":{"line":192,"column":null}},"95":{"start":{"line":195,"column":27},"end":{"line":195,"column":null}},"96":{"start":{"line":196,"column":32},"end":{"line":196,"column":null}},"97":{"start":{"line":198,"column":23},"end":{"line":207,"column":null}},"98":{"start":{"line":209,"column":6},"end":{"line":211,"column":null}},"99":{"start":{"line":210,"column":8},"end":{"line":210,"column":null}},"100":{"start":{"line":213,"column":6},"end":{"line":213,"column":null}},"101":{"start":{"line":215,"column":6},"end":{"line":215,"column":null}},"102":{"start":{"line":219,"column":2},"end":{"line":229,"column":null}},"103":{"start":{"line":220,"column":4},"end":{"line":228,"column":null}},"104":{"start":{"line":221,"column":20},"end":{"line":221,"column":null}},"105":{"start":{"line":222,"column":21},"end":{"line":222,"column":null}},"106":{"start":{"line":223,"column":22},"end":{"line":223,"column":null}},"107":{"start":{"line":224,"column":22},"end":{"line":224,"column":null}},"108":{"start":{"line":225,"column":6},"end":{"line":225,"column":null}},"109":{"start":{"line":227,"column":6},"end":{"line":227,"column":null}},"110":{"start":{"line":231,"column":2},"end":{"line":241,"column":null}},"111":{"start":{"line":232,"column":4},"end":{"line":240,"column":null}},"112":{"start":{"line":233,"column":17},"end":{"line":233,"column":null}},"113":{"start":{"line":234,"column":6},"end":{"line":234,"column":null}},"114":{"start":{"line":234,"column":21},"end":{"line":234,"column":null}},"115":{"start":{"line":235,"column":12},"end":{"line":235,"column":null}},"116":{"start":{"line":236,"column":6},"end":{"line":236,"column":null}},"117":{"start":{"line":236,"column":19},"end":{"line":236,"column":null}},"118":{"start":{"line":237,"column":6},"end":{"line":237,"column":null}},"119":{"start":{"line":239,"column":6},"end":{"line":239,"column":null}},"120":{"start":{"line":246,"column":2},"end":{"line":275,"column":null}},"121":{"start":{"line":247,"column":4},"end":{"line":274,"column":null}},"122":{"start":{"line":248,"column":17},"end":{"line":248,"column":null}},"123":{"start":{"line":249,"column":6},"end":{"line":251,"column":null}},"124":{"start":{"line":250,"column":8},"end":{"line":250,"column":null}},"125":{"start":{"line":253,"column":12},"end":{"line":253,"column":null}},"126":{"start":{"line":254,"column":6},"end":{"line":256,"column":null}},"127":{"start":{"line":255,"column":8},"end":{"line":255,"column":null}},"128":{"start":{"line":258,"column":6},"end":{"line":260,"column":null}},"129":{"start":{"line":259,"column":8},"end":{"line":259,"column":null}},"130":{"start":{"line":262,"column":6},"end":{"line":264,"column":null}},"131":{"start":{"line":263,"column":8},"end":{"line":263,"column":null}},"132":{"start":{"line":266,"column":23},"end":{"line":266,"column":null}},"133":{"start":{"line":267,"column":12},"end":{"line":267,"column":null}},"134":{"start":{"line":268,"column":20},"end":{"line":268,"column":null}},"135":{"start":{"line":270,"column":19},"end":{"line":270,"column":null}},"136":{"start":{"line":271,"column":6},"end":{"line":271,"column":null}},"137":{"start":{"line":273,"column":6},"end":{"line":273,"column":null}},"138":{"start":{"line":278,"column":2},"end":{"line":304,"column":null}},"139":{"start":{"line":279,"column":4},"end":{"line":303,"column":null}},"140":{"start":{"line":280,"column":17},"end":{"line":280,"column":null}},"141":{"start":{"line":281,"column":6},"end":{"line":283,"column":null}},"142":{"start":{"line":282,"column":8},"end":{"line":282,"column":null}},"143":{"start":{"line":285,"column":12},"end":{"line":285,"column":null}},"144":{"start":{"line":286,"column":6},"end":{"line":288,"column":null}},"145":{"start":{"line":287,"column":8},"end":{"line":287,"column":null}},"146":{"start":{"line":290,"column":6},"end":{"line":292,"column":null}},"147":{"start":{"line":291,"column":8},"end":{"line":291,"column":null}},"148":{"start":{"line":294,"column":19},"end":{"line":294,"column":null}},"149":{"start":{"line":295,"column":6},"end":{"line":297,"column":null}},"150":{"start":{"line":296,"column":8},"end":{"line":296,"column":null}},"151":{"start":{"line":298,"column":23},"end":{"line":298,"column":null}},"152":{"start":{"line":299,"column":19},"end":{"line":299,"column":null}},"153":{"start":{"line":300,"column":6},"end":{"line":300,"column":null}},"154":{"start":{"line":302,"column":6},"end":{"line":302,"column":null}},"155":{"start":{"line":307,"column":2},"end":{"line":327,"column":null}},"156":{"start":{"line":308,"column":4},"end":{"line":326,"column":null}},"157":{"start":{"line":309,"column":17},"end":{"line":309,"column":null}},"158":{"start":{"line":310,"column":6},"end":{"line":312,"column":null}},"159":{"start":{"line":311,"column":8},"end":{"line":311,"column":null}},"160":{"start":{"line":313,"column":12},"end":{"line":313,"column":null}},"161":{"start":{"line":314,"column":6},"end":{"line":314,"column":null}},"162":{"start":{"line":314,"column":20},"end":{"line":314,"column":null}},"163":{"start":{"line":315,"column":6},"end":{"line":317,"column":null}},"164":{"start":{"line":316,"column":8},"end":{"line":316,"column":null}},"165":{"start":{"line":319,"column":12},"end":{"line":319,"column":null}},"166":{"start":{"line":320,"column":20},"end":{"line":320,"column":null}},"167":{"start":{"line":322,"column":20},"end":{"line":322,"column":null}},"168":{"start":{"line":323,"column":6},"end":{"line":323,"column":null}},"169":{"start":{"line":325,"column":6},"end":{"line":325,"column":null}},"170":{"start":{"line":329,"column":2},"end":{"line":336,"column":null}},"171":{"start":{"line":330,"column":4},"end":{"line":335,"column":null}},"172":{"start":{"line":331,"column":19},"end":{"line":331,"column":null}},"173":{"start":{"line":332,"column":6},"end":{"line":332,"column":null}},"174":{"start":{"line":334,"column":6},"end":{"line":334,"column":null}},"175":{"start":{"line":338,"column":2},"end":{"line":344,"column":null}},"176":{"start":{"line":339,"column":4},"end":{"line":343,"column":null}},"177":{"start":{"line":340,"column":6},"end":{"line":340,"column":null}},"178":{"start":{"line":342,"column":6},"end":{"line":342,"column":null}},"179":{"start":{"line":346,"column":2},"end":{"line":353,"column":null}},"180":{"start":{"line":347,"column":4},"end":{"line":352,"column":null}},"181":{"start":{"line":348,"column":20},"end":{"line":348,"column":null}},"182":{"start":{"line":349,"column":6},"end":{"line":349,"column":null}},"183":{"start":{"line":351,"column":6},"end":{"line":351,"column":null}},"184":{"start":{"line":355,"column":2},"end":{"line":361,"column":null}},"185":{"start":{"line":356,"column":4},"end":{"line":360,"column":null}},"186":{"start":{"line":357,"column":6},"end":{"line":357,"column":null}},"187":{"start":{"line":359,"column":6},"end":{"line":359,"column":null}},"188":{"start":{"line":363,"column":2},"end":{"line":370,"column":null}},"189":{"start":{"line":364,"column":4},"end":{"line":369,"column":null}},"190":{"start":{"line":365,"column":20},"end":{"line":365,"column":null}},"191":{"start":{"line":366,"column":6},"end":{"line":366,"column":null}},"192":{"start":{"line":368,"column":6},"end":{"line":368,"column":null}},"193":{"start":{"line":372,"column":2},"end":{"line":378,"column":null}},"194":{"start":{"line":373,"column":4},"end":{"line":377,"column":null}},"195":{"start":{"line":374,"column":6},"end":{"line":374,"column":null}},"196":{"start":{"line":376,"column":6},"end":{"line":376,"column":null}},"197":{"start":{"line":380,"column":2},"end":{"line":387,"column":null}},"198":{"start":{"line":381,"column":4},"end":{"line":386,"column":null}},"199":{"start":{"line":382,"column":19},"end":{"line":382,"column":null}},"200":{"start":{"line":383,"column":6},"end":{"line":383,"column":null}},"201":{"start":{"line":385,"column":6},"end":{"line":385,"column":null}},"202":{"start":{"line":389,"column":2},"end":{"line":396,"column":null}},"203":{"start":{"line":390,"column":4},"end":{"line":395,"column":null}},"204":{"start":{"line":391,"column":20},"end":{"line":391,"column":null}},"205":{"start":{"line":392,"column":6},"end":{"line":392,"column":null}},"206":{"start":{"line":394,"column":6},"end":{"line":394,"column":null}},"207":{"start":{"line":398,"column":2},"end":{"line":404,"column":null}},"208":{"start":{"line":399,"column":4},"end":{"line":403,"column":null}},"209":{"start":{"line":400,"column":6},"end":{"line":400,"column":null}},"210":{"start":{"line":402,"column":6},"end":{"line":402,"column":null}},"211":{"start":{"line":406,"column":2},"end":{"line":412,"column":null}},"212":{"start":{"line":407,"column":4},"end":{"line":411,"column":null}},"213":{"start":{"line":408,"column":6},"end":{"line":408,"column":null}},"214":{"start":{"line":410,"column":6},"end":{"line":410,"column":null}},"215":{"start":{"line":414,"column":2},"end":{"line":420,"column":null}},"216":{"start":{"line":415,"column":4},"end":{"line":419,"column":null}},"217":{"start":{"line":416,"column":6},"end":{"line":416,"column":null}},"218":{"start":{"line":418,"column":6},"end":{"line":418,"column":null}},"219":{"start":{"line":422,"column":2},"end":{"line":435,"column":null}},"220":{"start":{"line":423,"column":4},"end":{"line":434,"column":null}},"221":{"start":{"line":424,"column":22},"end":{"line":424,"column":null}},"222":{"start":{"line":425,"column":20},"end":{"line":425,"column":null}},"223":{"start":{"line":426,"column":12},"end":{"line":426,"column":null}},"224":{"start":{"line":427,"column":19},"end":{"line":427,"column":null}},"225":{"start":{"line":428,"column":18},"end":{"line":428,"column":null}},"226":{"start":{"line":429,"column":6},"end":{"line":429,"column":null}},"227":{"start":{"line":430,"column":6},"end":{"line":430,"column":null}},"228":{"start":{"line":431,"column":6},"end":{"line":431,"column":null}},"229":{"start":{"line":433,"column":6},"end":{"line":433,"column":null}},"230":{"start":{"line":437,"column":2},"end":{"line":444,"column":null}},"231":{"start":{"line":438,"column":4},"end":{"line":443,"column":null}},"232":{"start":{"line":439,"column":18},"end":{"line":439,"column":null}},"233":{"start":{"line":440,"column":6},"end":{"line":440,"column":null}},"234":{"start":{"line":442,"column":6},"end":{"line":442,"column":null}},"235":{"start":{"line":446,"column":2},"end":{"line":457,"column":null}},"236":{"start":{"line":448,"column":4},"end":{"line":450,"column":null}},"237":{"start":{"line":449,"column":6},"end":{"line":449,"column":null}},"238":{"start":{"line":451,"column":4},"end":{"line":456,"column":null}},"239":{"start":{"line":452,"column":6},"end":{"line":452,"column":null}},"240":{"start":{"line":453,"column":6},"end":{"line":453,"column":null}},"241":{"start":{"line":455,"column":6},"end":{"line":455,"column":null}},"242":{"start":{"line":461,"column":2},"end":{"line":478,"column":null}},"243":{"start":{"line":462,"column":4},"end":{"line":477,"column":null}},"244":{"start":{"line":463,"column":39},"end":{"line":463,"column":null}},"245":{"start":{"line":464,"column":6},"end":{"line":466,"column":null}},"246":{"start":{"line":465,"column":8},"end":{"line":465,"column":null}},"247":{"start":{"line":467,"column":25},"end":{"line":467,"column":null}},"248":{"start":{"line":468,"column":27},"end":{"line":468,"column":null}},"249":{"start":{"line":469,"column":12},"end":{"line":473,"column":null}},"250":{"start":{"line":474,"column":6},"end":{"line":474,"column":null}},"251":{"start":{"line":476,"column":6},"end":{"line":476,"column":null}},"252":{"start":{"line":480,"column":2},"end":{"line":486,"column":null}},"253":{"start":{"line":481,"column":4},"end":{"line":485,"column":null}},"254":{"start":{"line":482,"column":6},"end":{"line":482,"column":null}},"255":{"start":{"line":484,"column":6},"end":{"line":484,"column":null}},"256":{"start":{"line":488,"column":2},"end":{"line":488,"column":null}},"257":{"start":{"line":494,"column":15},"end":{"line":494,"column":null}},"258":{"start":{"line":495,"column":15},"end":{"line":495,"column":null}},"259":{"start":{"line":496,"column":21},"end":{"line":496,"column":null}},"260":{"start":{"line":497,"column":19},"end":{"line":497,"column":null}},"261":{"start":{"line":498,"column":20},"end":{"line":498,"column":null}},"262":{"start":{"line":501,"column":16},"end":{"line":501,"column":null}},"263":{"start":{"line":503,"column":2},"end":{"line":510,"column":null}},"264":{"start":{"line":504,"column":16},"end":{"line":504,"column":null}},"265":{"start":{"line":505,"column":4},"end":{"line":509,"column":null}},"266":{"start":{"line":506,"column":6},"end":{"line":506,"column":null}},"267":{"start":{"line":508,"column":6},"end":{"line":508,"column":null}},"268":{"start":{"line":512,"column":8},"end":{"line":512,"column":null}},"269":{"start":{"line":516,"column":2},"end":{"line":516,"column":null}},"270":{"start":{"line":518,"column":2},"end":{"line":529,"column":null}},"271":{"start":{"line":519,"column":4},"end":{"line":519,"column":null}},"272":{"start":{"line":520,"column":4},"end":{"line":520,"column":null}},"273":{"start":{"line":521,"column":4},"end":{"line":521,"column":null}},"274":{"start":{"line":522,"column":4},"end":{"line":522,"column":null}},"275":{"start":{"line":523,"column":4},"end":{"line":523,"column":null}},"276":{"start":{"line":524,"column":4},"end":{"line":527,"column":null}},"277":{"start":{"line":526,"column":6},"end":{"line":526,"column":null}},"278":{"start":{"line":528,"column":4},"end":{"line":528,"column":null}},"279":{"start":{"line":532,"column":2},"end":{"line":532,"column":null}},"280":{"start":{"line":537,"column":2},"end":{"line":550,"column":null}},"281":{"start":{"line":538,"column":4},"end":{"line":540,"column":null}},"282":{"start":{"line":539,"column":6},"end":{"line":539,"column":null}},"283":{"start":{"line":541,"column":19},"end":{"line":541,"column":null}},"284":{"start":{"line":542,"column":20},"end":{"line":542,"column":null}},"285":{"start":{"line":544,"column":4},"end":{"line":544,"column":null}},"286":{"start":{"line":544,"column":29},"end":{"line":544,"column":null}},"287":{"start":{"line":546,"column":20},"end":{"line":546,"column":null}},"288":{"start":{"line":547,"column":4},"end":{"line":547,"column":null}},"289":{"start":{"line":547,"column":36},"end":{"line":547,"column":56}},"290":{"start":{"line":547,"column":59},"end":{"line":547,"column":null}},"291":{"start":{"line":548,"column":4},"end":{"line":548,"column":null}},"292":{"start":{"line":548,"column":37},"end":{"line":548,"column":58}},"293":{"start":{"line":548,"column":61},"end":{"line":548,"column":null}},"294":{"start":{"line":549,"column":4},"end":{"line":549,"column":null}},"295":{"start":{"line":554,"column":2},"end":{"line":564,"column":null}},"296":{"start":{"line":555,"column":4},"end":{"line":563,"column":null}},"297":{"start":{"line":556,"column":21},"end":{"line":556,"column":null}},"298":{"start":{"line":557,"column":21},"end":{"line":557,"column":null}},"299":{"start":{"line":558,"column":6},"end":{"line":562,"column":null}},"300":{"start":{"line":559,"column":8},"end":{"line":559,"column":null}},"301":{"start":{"line":561,"column":8},"end":{"line":561,"column":null}},"302":{"start":{"line":568,"column":8},"end":{"line":568,"column":null}},"303":{"start":{"line":571,"column":2},"end":{"line":574,"column":null}},"304":{"start":{"line":578,"column":2},"end":{"line":586,"column":null}},"305":{"start":{"line":582,"column":6},"end":{"line":584,"column":null}},"306":{"start":{"line":583,"column":8},"end":{"line":583,"column":null}},"307":{"start":{"line":590,"column":2},"end":{"line":593,"column":null}},"308":{"start":{"line":591,"column":4},"end":{"line":591,"column":null}},"309":{"start":{"line":592,"column":4},"end":{"line":592,"column":null}},"310":{"start":{"line":597,"column":20},"end":{"line":597,"column":null}},"311":{"start":{"line":598,"column":2},"end":{"line":598,"column":null}},"312":{"start":{"line":599,"column":2},"end":{"line":599,"column":null}},"313":{"start":{"line":604,"column":8},"end":{"line":604,"column":null}},"314":{"start":{"line":606,"column":2},"end":{"line":620,"column":null}},"315":{"start":{"line":608,"column":4},"end":{"line":608,"column":null}},"316":{"start":{"line":612,"column":4},"end":{"line":614,"column":null}},"317":{"start":{"line":613,"column":6},"end":{"line":613,"column":null}},"318":{"start":{"line":616,"column":10},"end":{"line":616,"column":null}},"319":{"start":{"line":617,"column":4},"end":{"line":619,"column":null}},"320":{"start":{"line":624,"column":18},"end":{"line":628,"column":null}},"321":{"start":{"line":625,"column":4},"end":{"line":625,"column":null}},"322":{"start":{"line":626,"column":4},"end":{"line":626,"column":null}},"323":{"start":{"line":627,"column":4},"end":{"line":627,"column":null}},"324":{"start":{"line":629,"column":2},"end":{"line":629,"column":null}},"325":{"start":{"line":630,"column":2},"end":{"line":630,"column":null}},"326":{"start":{"line":631,"column":2},"end":{"line":631,"column":null}},"327":{"start":{"line":632,"column":2},"end":{"line":632,"column":null}},"328":{"start":{"line":633,"column":2},"end":{"line":633,"column":null}},"329":{"start":{"line":634,"column":2},"end":{"line":634,"column":null}},"330":{"start":{"line":638,"column":22},"end":{"line":687,"column":null}},"331":{"start":{"line":639,"column":19},"end":{"line":673,"column":null}},"332":{"start":{"line":640,"column":18},"end":{"line":640,"column":null}},"333":{"start":{"line":642,"column":6},"end":{"line":642,"column":null}},"334":{"start":{"line":644,"column":22},"end":{"line":644,"column":null}},"335":{"start":{"line":644,"column":30},"end":{"line":644,"column":51}},"336":{"start":{"line":644,"column":51},"end":{"line":644,"column":67}},"337":{"start":{"line":645,"column":6},"end":{"line":645,"column":null}},"338":{"start":{"line":646,"column":6},"end":{"line":646,"column":null}},"339":{"start":{"line":648,"column":6},"end":{"line":659,"column":null}},"340":{"start":{"line":649,"column":41},"end":{"line":649,"column":null}},"341":{"start":{"line":650,"column":8},"end":{"line":650,"column":null}},"342":{"start":{"line":650,"column":19},"end":{"line":650,"column":null}},"343":{"start":{"line":651,"column":8},"end":{"line":651,"column":null}},"344":{"start":{"line":653,"column":8},"end":{"line":653,"column":null}},"345":{"start":{"line":654,"column":8},"end":{"line":657,"column":null}},"346":{"start":{"line":655,"column":10},"end":{"line":655,"column":null}},"347":{"start":{"line":656,"column":10},"end":{"line":656,"column":null}},"348":{"start":{"line":658,"column":8},"end":{"line":658,"column":null}},"349":{"start":{"line":661,"column":6},"end":{"line":672,"column":null}},"350":{"start":{"line":662,"column":24},"end":{"line":662,"column":null}},"351":{"start":{"line":664,"column":8},"end":{"line":671,"column":null}},"352":{"start":{"line":665,"column":10},"end":{"line":670,"column":null}},"353":{"start":{"line":666,"column":12},"end":{"line":666,"column":null}},"354":{"start":{"line":668,"column":24},"end":{"line":668,"column":null}},"355":{"start":{"line":669,"column":12},"end":{"line":669,"column":null}},"356":{"start":{"line":675,"column":4},"end":{"line":686,"column":null}},"357":{"start":{"line":676,"column":6},"end":{"line":684,"column":null}},"358":{"start":{"line":677,"column":8},"end":{"line":682,"column":null}},"359":{"start":{"line":678,"column":10},"end":{"line":678,"column":null}},"360":{"start":{"line":680,"column":10},"end":{"line":680,"column":null}},"361":{"start":{"line":681,"column":10},"end":{"line":681,"column":null}},"362":{"start":{"line":683,"column":8},"end":{"line":683,"column":null}},"363":{"start":{"line":685,"column":6},"end":{"line":685,"column":null}},"364":{"start":{"line":689,"column":2},"end":{"line":723,"column":null}},"365":{"start":{"line":690,"column":4},"end":{"line":722,"column":null}},"366":{"start":{"line":691,"column":6},"end":{"line":693,"column":null}},"367":{"start":{"line":692,"column":8},"end":{"line":692,"column":null}},"368":{"start":{"line":694,"column":21},"end":{"line":694,"column":null}},"369":{"start":{"line":695,"column":6},"end":{"line":719,"column":null}},"370":{"start":{"line":697,"column":8},"end":{"line":697,"column":null}},"371":{"start":{"line":697,"column":37},"end":{"line":697,"column":61}},"372":{"start":{"line":698,"column":27},"end":{"line":698,"column":null}},"373":{"start":{"line":699,"column":8},"end":{"line":710,"column":null}},"374":{"start":{"line":700,"column":10},"end":{"line":700,"column":null}},"375":{"start":{"line":703,"column":10},"end":{"line":708,"column":null}},"376":{"start":{"line":704,"column":12},"end":{"line":704,"column":null}},"377":{"start":{"line":706,"column":12},"end":{"line":706,"column":null}},"378":{"start":{"line":707,"column":12},"end":{"line":707,"column":null}},"379":{"start":{"line":709,"column":10},"end":{"line":709,"column":null}},"380":{"start":{"line":712,"column":8},"end":{"line":717,"column":null}},"381":{"start":{"line":713,"column":10},"end":{"line":713,"column":null}},"382":{"start":{"line":715,"column":10},"end":{"line":715,"column":null}},"383":{"start":{"line":716,"column":10},"end":{"line":716,"column":null}},"384":{"start":{"line":718,"column":8},"end":{"line":718,"column":null}},"385":{"start":{"line":721,"column":6},"end":{"line":721,"column":null}}},"fnMap":{"0":{"name":"(anonymous_0)","decl":{"start":{"line":31,"column":20},"end":{"line":31,"column":21}},"loc":{"start":{"line":31,"column":21},"end":{"line":31,"column":null}},"line":31},"1":{"name":"writePidFile","decl":{"start":{"line":33,"column":9},"end":{"line":33,"column":22}},"loc":{"start":{"line":33,"column":42},"end":{"line":36,"column":null}},"line":33},"2":{"name":"removePidFile","decl":{"start":{"line":38,"column":9},"end":{"line":38,"column":23}},"loc":{"start":{"line":38,"column":43},"end":{"line":40,"column":null}},"line":38},"3":{"name":"readOwnPid","decl":{"start":{"line":42,"column":9},"end":{"line":42,"column":20}},"loc":{"start":{"line":42,"column":49},"end":{"line":54,"column":null}},"line":42},"4":{"name":"killOwnStaleProcess","decl":{"start":{"line":56,"column":9},"end":{"line":56,"column":29}},"loc":{"start":{"line":56,"column":52},"end":{"line":103,"column":null}},"line":56},"5":{"name":"isPortInUse","decl":{"start":{"line":107,"column":9},"end":{"line":107,"column":21}},"loc":{"start":{"line":107,"column":53},"end":{"line":119,"column":null}},"line":107},"6":{"name":"(anonymous_6)","decl":{"start":{"line":108,"column":21},"end":{"line":108,"column":22}},"loc":{"start":{"line":108,"column":34},"end":{"line":118,"column":3}},"line":108},"7":{"name":"(anonymous_7)","decl":{"start":{"line":110,"column":21},"end":{"line":110,"column":22}},"loc":{"start":{"line":110,"column":35},"end":{"line":113,"column":7}},"line":110},"8":{"name":"(anonymous_8)","decl":{"start":{"line":114,"column":25},"end":{"line":114,"column":31}},"loc":{"start":{"line":114,"column":31},"end":{"line":116,"column":7}},"line":114},"9":{"name":"(anonymous_9)","decl":{"start":{"line":115,"column":21},"end":{"line":115,"column":27}},"loc":{"start":{"line":115,"column":27},"end":{"line":115,"column":41}},"line":115},"10":{"name":"buildApiRouter","decl":{"start":{"line":123,"column":16},"end":{"line":123,"column":41}},"loc":{"start":{"line":123,"column":41},"end":{"line":489,"column":null}},"line":123},"11":{"name":"(anonymous_11)","decl":{"start":{"line":126,"column":13},"end":{"line":126,"column":14}},"loc":{"start":{"line":126,"column":34},"end":{"line":129,"column":3}},"line":126},"12":{"name":"(anonymous_12)","decl":{"start":{"line":131,"column":13},"end":{"line":131,"column":14}},"loc":{"start":{"line":131,"column":33},"end":{"line":146,"column":3}},"line":131},"13":{"name":"(anonymous_13)","decl":{"start":{"line":148,"column":23},"end":{"line":148,"column":24}},"loc":{"start":{"line":148,"column":38},"end":{"line":156,"column":3}},"line":148},"14":{"name":"(anonymous_14)","decl":{"start":{"line":160,"column":25},"end":{"line":160,"column":26}},"loc":{"start":{"line":160,"column":40},"end":{"line":166,"column":3}},"line":160},"15":{"name":"(anonymous_15)","decl":{"start":{"line":168,"column":35},"end":{"line":168,"column":36}},"loc":{"start":{"line":168,"column":49},"end":{"line":177,"column":3}},"line":168},"16":{"name":"(anonymous_16)","decl":{"start":{"line":179,"column":37},"end":{"line":179,"column":38}},"loc":{"start":{"line":179,"column":52},"end":{"line":186,"column":3}},"line":179},"17":{"name":"(anonymous_17)","decl":{"start":{"line":188,"column":23},"end":{"line":188,"column":30}},"loc":{"start":{"line":188,"column":43},"end":{"line":217,"column":3}},"line":188},"18":{"name":"(anonymous_18)","decl":{"start":{"line":219,"column":26},"end":{"line":219,"column":27}},"loc":{"start":{"line":219,"column":40},"end":{"line":229,"column":3}},"line":219},"19":{"name":"(anonymous_19)","decl":{"start":{"line":231,"column":30},"end":{"line":231,"column":31}},"loc":{"start":{"line":231,"column":44},"end":{"line":241,"column":3}},"line":231},"20":{"name":"(anonymous_20)","decl":{"start":{"line":246,"column":35},"end":{"line":246,"column":42}},"loc":{"start":{"line":246,"column":55},"end":{"line":275,"column":3}},"line":246},"21":{"name":"(anonymous_21)","decl":{"start":{"line":278,"column":49},"end":{"line":278,"column":56}},"loc":{"start":{"line":278,"column":69},"end":{"line":304,"column":3}},"line":278},"22":{"name":"(anonymous_22)","decl":{"start":{"line":307,"column":41},"end":{"line":307,"column":48}},"loc":{"start":{"line":307,"column":61},"end":{"line":327,"column":3}},"line":307},"23":{"name":"(anonymous_23)","decl":{"start":{"line":329,"column":29},"end":{"line":329,"column":30}},"loc":{"start":{"line":329,"column":43},"end":{"line":336,"column":3}},"line":329},"24":{"name":"(anonymous_24)","decl":{"start":{"line":338,"column":33},"end":{"line":338,"column":34}},"loc":{"start":{"line":338,"column":48},"end":{"line":344,"column":3}},"line":338},"25":{"name":"(anonymous_25)","decl":{"start":{"line":346,"column":30},"end":{"line":346,"column":31}},"loc":{"start":{"line":346,"column":44},"end":{"line":353,"column":3}},"line":346},"26":{"name":"(anonymous_26)","decl":{"start":{"line":355,"column":36},"end":{"line":355,"column":37}},"loc":{"start":{"line":355,"column":51},"end":{"line":361,"column":3}},"line":355},"27":{"name":"(anonymous_27)","decl":{"start":{"line":363,"column":31},"end":{"line":363,"column":32}},"loc":{"start":{"line":363,"column":45},"end":{"line":370,"column":3}},"line":363},"28":{"name":"(anonymous_28)","decl":{"start":{"line":372,"column":34},"end":{"line":372,"column":35}},"loc":{"start":{"line":372,"column":49},"end":{"line":378,"column":3}},"line":372},"29":{"name":"(anonymous_29)","decl":{"start":{"line":380,"column":30},"end":{"line":380,"column":31}},"loc":{"start":{"line":380,"column":44},"end":{"line":387,"column":3}},"line":380},"30":{"name":"(anonymous_30)","decl":{"start":{"line":389,"column":31},"end":{"line":389,"column":32}},"loc":{"start":{"line":389,"column":45},"end":{"line":396,"column":3}},"line":389},"31":{"name":"(anonymous_31)","decl":{"start":{"line":398,"column":26},"end":{"line":398,"column":27}},"loc":{"start":{"line":398,"column":41},"end":{"line":404,"column":3}},"line":398},"32":{"name":"(anonymous_32)","decl":{"start":{"line":406,"column":30},"end":{"line":406,"column":31}},"loc":{"start":{"line":406,"column":45},"end":{"line":412,"column":3}},"line":406},"33":{"name":"(anonymous_33)","decl":{"start":{"line":414,"column":25},"end":{"line":414,"column":26}},"loc":{"start":{"line":414,"column":40},"end":{"line":420,"column":3}},"line":414},"34":{"name":"(anonymous_34)","decl":{"start":{"line":422,"column":24},"end":{"line":422,"column":25}},"loc":{"start":{"line":422,"column":38},"end":{"line":435,"column":3}},"line":422},"35":{"name":"(anonymous_35)","decl":{"start":{"line":437,"column":25},"end":{"line":437,"column":26}},"loc":{"start":{"line":437,"column":40},"end":{"line":444,"column":3}},"line":437},"36":{"name":"(anonymous_36)","decl":{"start":{"line":446,"column":24},"end":{"line":446,"column":25}},"loc":{"start":{"line":446,"column":38},"end":{"line":457,"column":3}},"line":446},"37":{"name":"(anonymous_37)","decl":{"start":{"line":461,"column":27},"end":{"line":461,"column":28}},"loc":{"start":{"line":461,"column":41},"end":{"line":478,"column":3}},"line":461},"38":{"name":"(anonymous_38)","decl":{"start":{"line":480,"column":26},"end":{"line":480,"column":27}},"loc":{"start":{"line":480,"column":41},"end":{"line":486,"column":3}},"line":480},"39":{"name":"startDashboard","decl":{"start":{"line":493,"column":16},"end":{"line":493,"column":31}},"loc":{"start":{"line":493,"column":69},"end":{"line":724,"column":null}},"line":493},"40":{"name":"(anonymous_40)","decl":{"start":{"line":518,"column":10},"end":{"line":518,"column":11}},"loc":{"start":{"line":518,"column":64},"end":{"line":529,"column":3}},"line":518},"41":{"name":"(anonymous_41)","decl":{"start":{"line":537,"column":18},"end":{"line":537,"column":19}},"loc":{"start":{"line":537,"column":71},"end":{"line":550,"column":3}},"line":537},"42":{"name":"(anonymous_42)","decl":{"start":{"line"
[...]
"getGitInfo","decl":{"start":{"line":41,"column":22},"end":{"line":41,"column":33}},"loc":{"start":{"line":41,"column":109},"end":{"line":55,"column":null}},"line":41},"3":{"name":"startGitPolling","decl":{"start":{"line":57,"column":16},"end":{"line":57,"column":32}},"loc":{"start":{"line":57,"column":85},"end":{"line":70,"column":null}},"line":57},"4":{"name":"(anonymous_4)","decl":{"start":{"line":67,"column":33},"end":{"line":67,"column":45}},"loc":{"start":{"line":67,"column":45},"end":{"line":69,"column":5}},"line":67},"5":{"name":"stopGitPolling","decl":{"start":{"line":72,"column":16},"end":{"line":72,"column":31}},"loc":{"start":{"line":72,"column":56},"end":{"line":78,"column":null}},"line":72},"6":{"name":"cleanupGit","decl":{"start":{"line":80,"column":16},"end":{"line":80,"column":27}},"loc":{"start":{"line":80,"column":52},"end":{"line":83,"column":null}},"line":80},"7":{"name":"getGitRoot","decl":{"start":{"line":88,"column":22},"end":{"line":88,"column":33}},"loc":{"start":{"line":88,"column":70},"end":{"line":96,"column":null}},"line":88},"8":{"name":"getGitHead","decl":{"start":{"line":101,"column":22},"end":{"line":101,"column":33}},"loc":{"start":{"line":101,"column":70},"end":{"line":109,"column":null}},"line":101},"9":{"name":"getGitDiffFiles","decl":{"start":{"line":115,"column":22},"end":{"line":115,"column":38}},"loc":{"start":{"line":115,"column":150},"end":{"line":132,"column":null}},"line":115},"10":{"name":"(anonymous_10)","decl":{"start":{"line":120,"column":39},"end":{"line":120,"column":40}},"loc":{"start":{"line":120,"column":49},"end":{"line":128,"column":5}},"line":120},"11":{"name":"getGitLogCommits","decl":{"start":{"line":138,"column":22},"end":{"line":138,"column":39}},"loc":{"start":{"line":138,"column":135},"end":{"line":150,"column":null}},"line":138},"12":{"name":"(anonymous_12)","decl":{"start":{"line":142,"column":23},"end":{"line":142,"column":24}},"loc":{"start":{"line":142,"column":35},"end":{"line":146,"column":6}},"line":142},"13":{"name":"getGitDiff","decl":{"start":{"line":156,"column":22},"end":{"line":156,"column":null}},"loc":{"start":{"line":161,"column":19},"end":{"line":172,"column":null}},"line":161},"14":{"name":"getCommitDiff","decl":{"start":{"line":177,"column":22},"end":{"line":177,"column":36}},"loc":{"start":{"line":177,"column":99},"end":{"line":187,"column":null}},"line":177},"15":{"name":"getGitDiffStats","decl":{"start":{"line":193,"column":22},"end":{"line":193,"column":null}},"loc":{"start":{"line":197,"column":73},"end":{"line":214,"column":null}},"line":197},"16":{"name":"(anonymous_16)","decl":{"start":{"line":203,"column":41},"end":{"line":203,"column":42}},"loc":{"start":{"line":203,"column":51},"end":{"line":210,"column":5}},"line":203}},"branchMap":{"0":{"loc":{"start":{"line":22,"column":2},"end":{"line":22,"column":null}},"type":"if","locations":[{"start":{"line":22,"column":2},"end":{"line":22,"column":null}},{"start":{},"end":{}}],"line":22},"1":{"loc":{"start":{"line":26,"column":4},"end":{"line":35,"column":null}},"type":"if","locations":[{"start":{"line":26,"column":4},"end":{"line":35,"column":null}},{"start":{},"end":{}}],"line":26},"2":{"loc":{"start":{"line":26,"column":8},"end":{"line":26,"column":66}},"type":"binary-expr","locations":[{"start":{"line":26,"column":8},"end":{"line":26,"column":22}},{"start":{"line":26,"column":22},"end":{"line":26,"column":66}}],"line":26},"3":{"loc":{"start":{"line":43,"column":2},"end":{"line":43,"column":null}},"type":"if","locations":[{"start":{"line":43,"column":2},"end":{"line":43,"column":null}},{"start":{},"end":{}}],"line":43},"4":{"loc":{"start":{"line":57,"column":51},"end":{"line":57,"column":85}},"type":"default-arg","locations":[{"start":{"line":57,"column":72},"end":{"line":57,"column":85}}],"line":57},"5":{"loc":{"start":{"line":59,"column":2},"end":{"line":59,"column":null}},"type":"if","locations":[{"start":{"line":59,"column":2},"end":{"line":59,"column":null}},{"start":{},"end":{}}],"line":59},"6":{"loc":{"start":{"line":62,"column":2},"end":{"line":64,"column":null}},"type":"if","locations":[{"start":{"line":62,"column":2},"end":{"line":64,"column":null}},{"start":{},"end":{}}],"line":62},"7":{"loc":{"start":{"line":74,"column":2},"end":{"line":77,"column":null}},"type":"if","locations":[{"start":{"line":74,"column":2},"end":{"line":77,"column":null}},{"start":{},"end":{}}],"line":74},"8":{"loc":{"start":{"line":119,"column":4},"end":{"line":119,"column":null}},"type":"if","locations":[{"start":{"line":119,"column":4},"end":{"line":119,"column":null}},{"start":{},"end":{}}],"line":119},"9":{"loc":{"start":{"line":124,"column":6},"end":{"line":126,"column":null}},"type":"if","locations":[{"start":{"line":124,"column":6},"end":{"line":126,"column":null}},{"start":{"line":124,"column":47},"end":{"line":126,"column":null}}],"line":124},"10":{"loc":{"start":{"line":124,"column":47},"end":{"line":126,"column":null}},"type":"if","locations":[{"start":{"line":124,"column":47},"end":{"line":126,"column":null}},{"start":{"line":125,"column":52},"end":{"line":126,"column":null}}],"line":124},"11":{"loc":{"start":{"line":125,"column":52},"end":{"line":126,"column":null}},"type":"if","locations":[{"start":{"line":125,"column":52},"end":{"line":126,"column":null}},{"start":{},"end":{}}],"line":125},"12":{"loc":{"start":{"line":145,"column":17},"end":{"line":145,"column":null}},"type":"binary-expr","locations":[{"start":{"line":145,"column":17},"end":{"line":145,"column":31}},{"start":{"line":145,"column":23},"end":{"line":145,"column":null}}],"line":145},"13":{"loc":{"start":{"line":164,"column":18},"end":{"line":164,"column":null}},"type":"cond-expr","locations":[{"start":{"line":164,"column":26},"end":{"line":164,"column":51}},{"start":{"line":164,"column":51},"end":{"line":164,"column":null}}],"line":164},"14":{"loc":{"start":{"line":166,"column":4},"end":{"line":166,"column":null}},"type":"if","locations":[{"start":{"line":166,"column":4},"end":{"line":166,"column":null}},{"start":{},"end":{}}],"line":166},"15":{"loc":{"start":{"line":181,"column":4},"end":{"line":181,"column":null}},"type":"if","locations":[{"start":{"line":181,"column":4},"end":{"line":181,"column":null}},{"start":{},"end":{}}],"line":181},"16":{"loc":{"start":{"line":200,"column":18},"end":{"line":200,"column":null}},"type":"cond-expr","locations":[{"start":{"line":200,"column":26},"end":{"line":200,"column":51}},{"start":{"line":200,"column":51},"end":{"line":200,"column":null}}],"line":200},"17":{"loc":{"start":{"line":202,"column":4},"end":{"line":202,"column":null}},"type":"if","locations":[{"start":{"line":202,"column":4},"end":{"line":202,"column":null}},{"start":{},"end":{}}],"line":202},"18":{"loc":{"start":{"line":207,"column":19},"end":{"line":207,"column":null}},"type":"cond-expr","locations":[{"start":{"line":207,"column":33},"end":{"line":207,"column":37}},{"start":{"line":207,"column":37},"end":{"line":207,"column":null}}],"line":207},"19":{"loc":{"start":{"line":207,"column":37},"end":{"line":207,"column":null}},"type":"binary-expr","locations":[{"start":{"line":207,"column":37},"end":{"line":207,"column":54}},{"start":{"line":207,"column":54},"end":{"line":207,"column":null}}],"line":207},"20":{"loc":{"start":{"line":208,"column":19},"end":{"line":208,"column":null}},"type":"cond-expr","locations":[{"start":{"line":208,"column":33},"end":{"line":208,"column":37}},{"start":{"line":208,"column":37},"end":{"line":208,"column":null}}],"line":208},"21":{"loc":{"start":{"line":208,"column":37},"end":{"line":208,"column":null}},"type":"binary-expr","locations":[{"start":{"line":208,"column":37},"end":{"line":208,"column":54}},{"start":{"line":208,"column":54},"end":{"line":208,"column":null}}],"line":208}},"s":{"0":3,"1":0,"2":0,"3":0,"4":0,"5":0,"6":0,"7":0,"8":0,"9":0,"10":0,"11":0,"12":0,"13":0,"14":0,"15":0,"16":0,"17":0,"18":0,"19":0,"20":0,"21":0,"22":0,"23":0,"24":0,"25":163,"26":163,"27":0,"28":0,"29":163,"30":163,"31":0,"32":0,"33":0,"34":0,"35":0,"36":0,"37":0,"38":0,"39":0,"40":0,"41":0,"42":0,"43":0,"44":0,"45":0,"46":0,"47":0,"48":0,"49":0,"50":0,"51":0,"52":0,"53":0,"54":0,"55":0,"56":0,"57":0,"58":0,"59":0,"60":0,"61":0,"62":0,"63":0,"64":0,"65":0,"66":0,"67":0,"68":0,"69":0,"70":0,"71":0,"72":0,"73":0,"74":0,"75":0,"76":0,"77":0,"78":0,"79":0,"80":0,"81":0,"82":0,"83":0,"84":0,"85":0,"86":0,"87":0,"88":0,"89":0,"90":0},"f":{"0":0,"1":0,"2":0,"3":0,"4":0,"5":163,"6":163,"7":0,"8":0,"9":0,"10":0,"11":0,"12":0,"13":0,"14":0,"15":0,"16":0},"b":{"0":[0,0],"1":[0,0],"2":[0,0],"3":[0,0],"4":[0],"5":[0,0],"6":[0,0],"7":[0,163],"8":[0,0],"9":[0,0],"10":[0,0],"11":[0,0],"12":[0,0],"13":[0,0],"14":[0,0],"15":[0,0],"16":[0,0],"17":[0,0],"18":[0,0],"19":[0,0],"20":[0,0],"21":[0,0]},"meta":{"lastBranch":22,"lastFunction":17,"lastStatement":91,"seen":{"s:11:17:11:Infinity":0,"f:13:16:13:24":0,"s:14:2:17:Infinity":1,"f:20:22:20:41":1,"s:21:18:21:Infinity":2,"b:22:2:22:Infinity:undefined:undefined:undefined:undefined":0,"s:22:2:22:Infinity":3,"s:22:16:22:Infinity":4,"s:24:2:38:Infinity":5,"s:25:16:25:Infinity":6,"b:26:4:35:Infinity:undefined:undefined:undefined:undefined":1,"s:26:4:35:Infinity":7,"b:26:8:26:22:26:22:26:66":2,"s:27:6:27:Infinity":8,"s:29:6:34:Infinity":9,"f:41:22:41:33":2,"s:42:18:42:Infinity":10,"b:43:2:43:Infinity:undefined:undefined:undefined:undefined":3,"s:43:2:43:Infinity":11,"s:43:16:43:Infinity":12,"s:45:2:54:Infinity":13,"s:46:19:46:Infinity":14,"s:47:19:47:Infinity":15,"s:48:4:51:Infinity":16,"s:53:4:53:Infinity":17,"f:57:16:57:32":3,"b:57:72:57:85":4,"s:58:18:58:Infinity":18,"b:59:2:59:Infinity:undefined:undefined:undefined:undefined":5,"s:59:2:59:Infinity":19,"s:59:16:59:Infinity":20,"b:62:2:64:Infinity:undefined:undefined:undefined:undefined":6,"s:62:2:64:Infinity":21,"s:63:4:63:Infinity":22,"s:67:2:69:Infinity":23,"f:67:33:67:45":4,"s:68:4:68:Infinity":24,"f:72:16:72:31":5,"s:73:18:73:Infinity":25,"b:74:2:77:Infinity:undefined:undefined:undefined:undefined":7,"s:74:2:77:Infinity":26,"s:75:4:75:Infinity":27,"s:76:4:76:Infinity":28,"f:80:16:80:27":6,"s:81:2:81:Infinity":29,"s:82:2:82:Infinity":30,"f:88:22:88:33":7,"s:89:2:95:Infinity":31,"s:90:10:90:Infinity":32,"s:91:17:91:Infinity":33,"s:92:4:92:Infinity":34,"s:94:4:94:Infinity":35,"f:101:22:101:33":8,"s:102:2:108:Infinity":36,"s:103:10:103:Infinity":37,"s:104:17:104:Infinity":38,"s:105:4:105:Infinity":39,"s:107:4:107:Infinity":40,"f:115:22:115:38":9,"s:116:2:131:Infinity":41,"s:117:10:117:Infinity":42,"s:118:17:118:Infinity":43,"b:119:4:119:Infinity:undefined:undefined:undefined:undefined":8,"s:119:4:119:Infinity":44,"s:119:22:119:Infinity":45,"s:120:4:128:Infinity":46,"f:120:39:120:40":10,"s:121:37:121:Infinity":47,"s:122:23:122:Infinity":48,"s:123:59:123:Infinity":49,"b:124:6:126:Infinity:124:47:126:Infinity":9,"s:124:6:126:Infinity":50,"s:124:34:124:Infinity":51,"b:124:47:126:Infinity:125:52:126:Infinity":10,"s:124:47:126:Infinity":52,"s:125:39:125:Infinity":53,"b:125:52:126:Infinity:undefined:undefined:undefined:undefined":11,"s:125:52:126:Infinity":54,"s:126:39:126:Infinity":55,"s:127:6:127:Infinity":56,"s:130:4:130:Infinity":57,"f:138:22:138:39":11,"s:139:2:149:Infinity":58,"s:140:10:140:Infinity":59,"s:141:16:141:Infinity":60,"s:142:4:146:Infinity":61,"f:142:23:142:24":12,"s:142:35:146:6":62,"b:145:17:145:31:145:23:145:Infinity":12,"s:148:4:148:Infinity":63,"f:156:22:156:Infinity":13,"s:162:2:171:Infinity":64,"s:163:10:163:Infinity":65,"s:164:18:164:Infinity":66,"b:164:26:164:51:164:51:164:Infinity":13,"s:165:17:165:Infinity":67,"b:166:4:166:Infinity:undefined:undefined:undefined:undefined":14,"s:166:4:166:Infinity":68,"s:166:18:166:Infinity":69,"s:167:19:167:Infinity":70,"s:168:4:168:Infinity":71,"s:170:4:170:Infinity":72,"f:177:22:177:36":14,"s:178:2:186:Infinity":73,"s:179:10:179:Infinity":74,"s:180:17:180:Infinity":75,"b:181:4:181:Infinity:undefined:undefined:undefined:undefined":15,"s:181:4:181:Infinity":76,"s:181:18:181:Infinity":77,"s:182:19:182:Infinity":78,"s:183:4:183:Infinity":79,"s:185:4:185:Infinity":80,"f:193:22:193:Infinity":15,"s:198:2:213:Infinity":81,"s:199:10:199:Infinity":82,"s:200:18:200:Infinity":83,"b:200:26:200:51:200:51:200:Infinity":16,"s:201:19:201:Infinity":84,"b:202:4:202:Infinity:undefined:undefined:undefined:undefined":17,"s:202:4:202:Infinity":85,"s:202:24:202:Infinity":86,"s:203:4:210:Infinity":87,"f:203:41:203:42":16,"s:204:39:204:Infinity":88,"s:205:6:209:Infinity":89,"b:207:33:207:37:207:37:207:Infinity":18,"b:207:37:207:54:207:54:207:Infinity":19,"b:208:33:208:37:208:37:208:Infinity":20,"b:208:37:208:54:208:54:208:Infinity":21,"s:212:4:212:Infinity":90}}}
,"C:\\Users\\Nesh\\Desktop\\Coding Projects\\Devsession\\devsession\\src\\watcher.ts": {"path":"C:\\Users\\Nesh\\Desktop\\Coding Projects\\Devsession\\devsession\\src\\watcher.ts","statementMap":{"0":{"start":{"line":13,"column":17},"end":{"line":13,"column":null}},"1":{"start":{"line":17,"column":2},"end":{"line":17,"column":null}},"2":{"start":{"line":17,"column":31},"end":{"line":17,"column":null}},"3":{"start":{"line":19,"column":18},"end":{"line":23,"column":null}},"4":{"start":{"line":25,"column":34},"end":{"line":30,"column":null}},"5":{"start":{"line":32,"column":2},"end":{"line":32,"column":null}},"6":{"start":{"line":34,"column":2},"end":{"line":37,"column":null}},"7":{"start":{"line":35,"column":25},"end":{"line":35,"column":70}},"8":{"start":{"line":36,"column":28},"end":{"line":36,"column":74}},"9":{"start":{"line":37,"column":28},"end":{"line":37,"column":73}},"10":{"start":{"line":41,"column":2},"end":{"line":66,"column":null}},"11":{"start":{"line":43,"column":20},"end":{"line":43,"column":null}},"12":{"start":{"line":44,"column":4},"end":{"line":53,"column":null}},"13":{"start":{"line":45,"column":6},"end":{"line":45,"column":null}},"14":{"start":{"line":46,"column":6},"end":{"line":46,"column":null}},"15":{"start":{"line":48,"column":6},"end":{"line":50,"column":null}},"16":{"start":{"line":49,"column":8},"end":{"line":49,"column":null}},"17":{"start":{"line":51,"column":6},"end":{"line":51,"column":null}},"18":{"start":{"line":52,"column":6},"end":{"line":52,"column":null}},"19":{"start":{"line":56,"column":4},"end":{"line":65,"column":null}},"20":{"start":{"line":57,"column":6},"end":{"line":57,"column":null}},"21":{"start":{"line":58,"column":6},"end":{"line":58,"column":null}},"22":{"start":{"line":60,"column":6},"end":{"line":62,"column":null}},"23":{"start":{"line":61,"column":8},"end":{"line":61,"column":null}},"24":{"start":{"line":63,"column":6},"end":{"line":63,"column":null}},"25":{"start":{"line":64,"column":6},"end":{"line":64,"column":null}},"26":{"start":{"line":70,"column":2},"end":{"line":70,"column":null}},"27":{"start":{"line":79,"column":18},"end":{"line":79,"column":null}},"28":{"start":{"line":80,"column":2},"end":{"line":80,"column":null}},"29":{"start":{"line":80,"column":16},"end":{"line":80,"column":null}},"30":{"start":{"line":82,"column":8},"end":{"line":82,"column":null}},"31":{"start":{"line":85,"column":14},"end":{"line":85,"column":null}},"32":{"start":{"line":86,"column":2},"end":{"line":86,"column":null}},"33":{"start":{"line":86,"column":37},"end":{"line":86,"column":null}},"34":{"start":{"line":88,"column":2},"end":{"line":88,"column":null}},"35":{"start":{"line":89,"column":18},"end":{"line":92,"column":null}},"36":{"start":{"line":90,"column":4},"end":{"line":90,"column":null}},"37":{"start":{"line":91,"column":4},"end":{"line":91,"column":null}},"38":{"start":{"line":93,"column":2},"end":{"line":93,"column":null}},"39":{"start":{"line":95,"column":2},"end":{"line":100,"column":null}}},"fnMap":{"0":{"name":"startWatcher","decl":{"start":{"line":15,"column":16},"end":{"line":15,"column":29}},"loc":{"start":{"line":15,"column":67},"end":{"line":38,"column":null}},"line":15},"1":{"name":"(anonymous_1)","decl":{"start":{"line":35,"column":15},"end":{"line":35,"column":16}},"loc":{"start":{"line":35,"column":25},"end":{"line":35,"column":70}},"line":35},"2":{"name":"(anonymous_2)","decl":{"start":{"line":36,"column":18},"end":{"line":36,"column":19}},"loc":{"start":{"line":36,"column":28},"end":{"line":36,"column":74}},"line":36},"3":{"name":"(anonymous_3)","decl":{"start":{"line":37,"column":18},"end":{"line":37,"column":19}},"loc":{"start":{"line":37,"column":28},"end":{"line":37,"column":73}},"line":37},"4":{"name":"stopWatcher","decl":{"start":{"line":40,"column":16},"end":{"line":40,"column":28}},"loc":{"start":{"line":40,"column":54},"end":{"line":67,"column":null}},"line":40},"5":{"name":"cleanupWatcher","decl":{"start":{"line":69,"column":16},"end":{"line":69,"column":31}},"loc":{"start":{"line":69,"column":56},"end":{"line":71,"column":null}},"line":69},"6":{"name":"handleChange","decl":{"start":{"line":73,"column":9},"end":{"line":73,"column":null}},"loc":{"start":{"line":78,"column":8},"end":{"line":101,"column":null}},"line":78},"7":{"name":"(anonymous_7)","decl":{"start":{"line":89,"column":29},"end":{"line":89,"column":35}},"loc":{"start":{"line":89,"column":35},"end":{"line":92,"column":5}},"line":89}},"branchMap":{"0":{"loc":{"start":{"line":17,"column":2},"end":{"line":17,"column":null}},"type":"if","locations":[{"start":{"line":17,"column":2},"end":{"line":17,"column":null}},{"start":{},"end":{}}],"line":17},"1":{"loc":{"start":{"line":41,"column":2},"end":{"line":66,"column":null}},"type":"if","locations":[{"start":{"line":41,"column":2},"end":{"line":66,"column":null}},{"start":{"line":54,"column":9},"end":{"line":66,"column":null}}],"line":41},"2":{"loc":{"start":{"line":44,"column":4},"end":{"line":53,"column":null}},"type":"if","locations":[{"start":{"line":44,"column":4},"end":{"line":53,"column":null}},{"start":{},"end":{}}],"line":44},"3":{"loc":{"start":{"line":80,"column":2},"end":{"line":80,"column":null}},"type":"if","locations":[{"start":{"line":80,"column":2},"end":{"line":80,"column":null}},{"start":{},"end":{}}],"line":80},"4":{"loc":{"start":{"line":86,"column":2},"end":{"line":86,"column":null}},"type":"if","locations":[{"start":{"line":86,"column":2},"end":{"line":86,"column":null}},{"start":{},"end":{}}],"line":86}},"s":{"0":3,"1":0,"2":0,"3":0,"4":0,"5":0,"6":0,"7":0,"8":0,"9":0,"10":163,"11":163,"12":163,"13":0,"14":0,"15":0,"16":0,"17":0,"18":0,"19":0,"20":0,"21":0,"22":0,"23":0,"24":0,"25":0,"26":163,"27":0,"28":0,"29":0,"30":0,"31":0,"32":0,"33":0,"34":0,"35":0,"36":0,"37":0,"38":0,"39":0},"f":{"0":0,"1":0,"2":0,"3":0,"4":163,"5":163,"6":0,"7":0},"b":{"0":[0,0],"1":[163,0],"2":[0,163],"3":[0,0],"4":[0,0]},"meta":{"lastBranch":5,"lastFunction":8,"lastStatement":40,"seen":{"s:13:17:13:Infinity":0,"f:15:16:15:29":0,"b:17:2:17:Infinity:undefined:undefined:undefined:undefined":0,"s:17:2:17:Infinity":1,"s:17:31:17:Infinity":2,"s:19:18:23:Infinity":3,"s:25:34:30:Infinity":4,"s:32:2:32:Infinity":5,"s:34:2:37:Infinity":6,"f:35:15:35:16":1,"s:35:25:35:70":7,"f:36:18:36:19":2,"s:36:28:36:74":8,"f:37:18:37:19":3,"s:37:28:37:73":9,"f:40:16:40:28":4,"b:41:2:66:Infinity:54:9:66:Infinity":1,"s:41:2:66:Infinity":10,"s:43:20:43:Infinity":11,"b:44:4:53:Infinity:undefined:undefined:undefined:undefined":2,"s:44:4:53:Infinity":12,"s:45:6:45:Infinity":13,"s:46:6:46:Infinity":14,"s:48:6:50:Infinity":15,"s:49:8:49:Infinity":16,"s:51:6:51:Infinity":17,"s:52:6:52:Infinity":18,"s:56:4:65:Infinity":19,"s:57:6:57:Infinity":20,"s:58:6:58:Infinity":21,"s:60:6:62:Infinity":22,"s:61:8:61:Infinity":23,"s:63:6:63:Infinity":24,"s:64:6:64:Infinity":25,"f:69:16:69:31":5,"s:70:2:70:Infinity":26,"f:73:9:73:Infinity":6,"s:79:18:79:Infinity":27,"b:80:2:80:Infinity:undefined:undefined:undefined:undefined":3,"s:80:2:80:Infinity":28,"s:80:16:80:Infinity":29,"s:82:8:82:Infinity":30,"s:85:14:85:Infinity":31,"b:86:2:86:Infinity:undefined:undefined:undefined:undefined":4,"s:86:2:86:Infinity":32,"s:86:37:86:Infinity":33,"s:88:2:88:Infinity":34,"s:89:18:92:Infinity":35,"f:89:29:89:35":7,"s:90:4:90:Infinity":36,"s:91:4:91:Infinity":37,"s:93:2:93:Infinity":38,"s:95:2:100:Infinity":39}}}
}
